<?php defined('COREPATH') or exit('No direct script access allowed'); ?>

INFO - 2016-06-03 17:34:23 --> Fuel\Core\Request::__construct - Creating a new main Request with URI = ""
INFO - 2016-06-03 17:34:24 --> Fuel\Core\Request::execute - Called
INFO - 2016-06-03 17:34:24 --> Fuel\Core\Request::execute - Setting main Request
INFO - 2016-06-03 17:34:25 --> Fuel\Core\Request::__construct - Creating a new main Request with URI = "retail"
INFO - 2016-06-03 17:34:25 --> Fuel\Core\Request::execute - Called
INFO - 2016-06-03 17:34:25 --> Fuel\Core\Request::execute - Setting main Request
INFO - 2016-06-03 17:34:27 --> Fuel\Core\Request::__construct - Creating a new main Request with URI = "aa"
INFO - 2016-06-03 17:34:27 --> Fuel\Core\Request::execute - Called
INFO - 2016-06-03 17:34:27 --> Fuel\Core\Request::execute - Setting main Request
INFO - 2016-06-03 17:34:28 --> Fuel\Core\Request::__construct - Creating a new main Request with URI = "soldoff"
INFO - 2016-06-03 17:34:28 --> Fuel\Core\Request::execute - Called
INFO - 2016-06-03 17:34:28 --> Fuel\Core\Request::execute - Setting main Request
INFO - 2016-06-03 17:34:28 --> Fuel\Core\Request::__construct - Creating a new main Request with URI = "grade"
INFO - 2016-06-03 17:34:28 --> Fuel\Core\Request::execute - Called
INFO - 2016-06-03 17:34:28 --> Fuel\Core\Request::execute - Setting main Request
INFO - 2016-06-03 17:34:29 --> Fuel\Core\Request::__construct - Creating a new main Request with URI = "soldoff"
INFO - 2016-06-03 17:34:29 --> Fuel\Core\Request::execute - Called
INFO - 2016-06-03 17:34:29 --> Fuel\Core\Request::execute - Setting main Request
INFO - 2016-06-03 17:34:30 --> Fuel\Core\Request::__construct - Creating a new main Request with URI = "grade"
INFO - 2016-06-03 17:34:30 --> Fuel\Core\Request::execute - Called
INFO - 2016-06-03 17:34:30 --> Fuel\Core\Request::execute - Setting main Request
INFO - 2016-06-03 17:34:30 --> Fuel\Core\Request::__construct - Creating a new main Request with URI = "grade"
INFO - 2016-06-03 17:34:30 --> Fuel\Core\Request::execute - Called
INFO - 2016-06-03 17:34:30 --> Fuel\Core\Request::execute - Setting main Request
INFO - 2016-06-03 17:34:31 --> Fuel\Core\Request::__construct - Creating a new main Request with URI = "setting"
INFO - 2016-06-03 17:34:31 --> Fuel\Core\Request::execute - Called
INFO - 2016-06-03 17:34:31 --> Fuel\Core\Request::execute - Setting main Request
INFO - 2016-06-03 17:34:32 --> Fuel\Core\Request::__construct - Creating a new main Request with URI = "retail"
INFO - 2016-06-03 17:34:32 --> Fuel\Core\Request::execute - Called
INFO - 2016-06-03 17:34:32 --> Fuel\Core\Request::execute - Setting main Request
INFO - 2016-06-03 17:34:36 --> Fuel\Core\Request::__construct - Creating a new main Request with URI = "aa"
INFO - 2016-06-03 17:34:36 --> Fuel\Core\Request::execute - Called
INFO - 2016-06-03 17:34:36 --> Fuel\Core\Request::execute - Setting main Request
INFO - 2016-06-03 17:34:37 --> Fuel\Core\Request::__construct - Creating a new main Request with URI = "soldoff"
INFO - 2016-06-03 17:34:37 --> Fuel\Core\Request::execute - Called
INFO - 2016-06-03 17:34:37 --> Fuel\Core\Request::execute - Setting main Request
INFO - 2016-06-03 17:34:38 --> Fuel\Core\Request::__construct - Creating a new main Request with URI = "grade"
INFO - 2016-06-03 17:34:38 --> Fuel\Core\Request::execute - Called
INFO - 2016-06-03 17:34:38 --> Fuel\Core\Request::execute - Setting main Request
INFO - 2016-06-03 17:34:38 --> Fuel\Core\Request::__construct - Creating a new main Request with URI = "setting"
INFO - 2016-06-03 17:34:38 --> Fuel\Core\Request::execute - Called
INFO - 2016-06-03 17:34:38 --> Fuel\Core\Request::execute - Setting main Request
INFO - 2016-06-03 17:34:39 --> Fuel\Core\Request::__construct - Creating a new main Request with URI = "soldoff"
INFO - 2016-06-03 17:34:39 --> Fuel\Core\Request::execute - Called
INFO - 2016-06-03 17:34:39 --> Fuel\Core\Request::execute - Setting main Request
INFO - 2016-06-03 17:34:40 --> Fuel\Core\Request::__construct - Creating a new main Request with URI = "retail"
INFO - 2016-06-03 17:34:40 --> Fuel\Core\Request::execute - Called
INFO - 2016-06-03 17:34:40 --> Fuel\Core\Request::execute - Setting main Request
INFO - 2016-06-03 17:34:47 --> Fuel\Core\Request::__construct - Creating a new main Request with URI = "modal/area"
INFO - 2016-06-03 17:34:47 --> Fuel\Core\Request::execute - Called
INFO - 2016-06-03 17:34:47 --> Fuel\Core\Request::execute - Setting main Request
INFO - 2016-06-03 17:35:08 --> Fuel\Core\Request::__construct - Creating a new main Request with URI = "modal/model"
INFO - 2016-06-03 17:35:08 --> Fuel\Core\Request::execute - Called
INFO - 2016-06-03 17:35:08 --> Fuel\Core\Request::execute - Setting main Request
INFO - 2016-06-03 17:35:12 --> Fuel\Core\Request::__construct - Creating a new main Request with URI = "modal/cartype"
INFO - 2016-06-03 17:35:12 --> Fuel\Core\Request::execute - Called
INFO - 2016-06-03 17:35:12 --> Fuel\Core\Request::execute - Setting main Request
INFO - 2016-06-03 17:35:26 --> Fuel\Core\Request::__construct - Creating a new main Request with URI = "retail"
INFO - 2016-06-03 17:35:26 --> Fuel\Core\Request::execute - Called
INFO - 2016-06-03 17:35:26 --> Fuel\Core\Request::execute - Setting main Request
INFO - 2016-06-03 17:35:28 --> Fuel\Core\Request::__construct - Creating a new main Request with URI = "retail"
INFO - 2016-06-03 17:35:28 --> Fuel\Core\Request::execute - Called
INFO - 2016-06-03 17:35:28 --> Fuel\Core\Request::execute - Setting main Request
INFO - 2016-06-03 17:35:28 --> Fuel\Core\Request::__construct - Creating a new main Request with URI = "retail"
INFO - 2016-06-03 17:35:28 --> Fuel\Core\Request::execute - Called
INFO - 2016-06-03 17:35:28 --> Fuel\Core\Request::execute - Setting main Request
INFO - 2016-06-03 17:35:28 --> Fuel\Core\Request::__construct - Creating a new main Request with URI = "retail"
INFO - 2016-06-03 17:35:28 --> Fuel\Core\Request::execute - Called
INFO - 2016-06-03 17:35:28 --> Fuel\Core\Request::execute - Setting main Request
INFO - 2016-06-03 17:35:28 --> Fuel\Core\Request::__construct - Creating a new main Request with URI = "retail"
INFO - 2016-06-03 17:35:28 --> Fuel\Core\Request::execute - Called
INFO - 2016-06-03 17:35:28 --> Fuel\Core\Request::execute - Setting main Request
INFO - 2016-06-03 17:35:28 --> Fuel\Core\Request::__construct - Creating a new main Request with URI = "retail"
INFO - 2016-06-03 17:35:28 --> Fuel\Core\Request::execute - Called
INFO - 2016-06-03 17:35:28 --> Fuel\Core\Request::execute - Setting main Request
INFO - 2016-06-03 17:35:28 --> Fuel\Core\Request::__construct - Creating a new main Request with URI = "retail"
INFO - 2016-06-03 17:35:28 --> Fuel\Core\Request::execute - Called
INFO - 2016-06-03 17:35:28 --> Fuel\Core\Request::execute - Setting main Request
INFO - 2016-06-03 17:35:50 --> Fuel\Core\Request::__construct - Creating a new main Request with URI = "top"
INFO - 2016-06-03 17:35:50 --> Fuel\Core\Request::execute - Called
INFO - 2016-06-03 17:35:50 --> Fuel\Core\Request::execute - Setting main Request
INFO - 2016-06-03 17:35:52 --> Fuel\Core\Request::__construct - Creating a new main Request with URI = "retail"
INFO - 2016-06-03 17:35:52 --> Fuel\Core\Request::execute - Called
INFO - 2016-06-03 17:35:52 --> Fuel\Core\Request::execute - Setting main Request
INFO - 2016-06-03 17:36:01 --> Fuel\Core\Request::__construct - Creating a new main Request with URI = "aa"
INFO - 2016-06-03 17:36:01 --> Fuel\Core\Request::execute - Called
INFO - 2016-06-03 17:36:01 --> Fuel\Core\Request::execute - Setting main Request
INFO - 2016-06-03 17:36:02 --> Fuel\Core\Request::__construct - Creating a new main Request with URI = "retail"
INFO - 2016-06-03 17:36:02 --> Fuel\Core\Request::execute - Called
INFO - 2016-06-03 17:36:02 --> Fuel\Core\Request::execute - Setting main Request
INFO - 2016-06-03 17:36:06 --> Fuel\Core\Request::__construct - Creating a new main Request with URI = "aa"
INFO - 2016-06-03 17:36:06 --> Fuel\Core\Request::execute - Called
INFO - 2016-06-03 17:36:06 --> Fuel\Core\Request::execute - Setting main Request
INFO - 2016-06-03 17:36:10 --> Fuel\Core\Request::__construct - Creating a new main Request with URI = "soldoff"
INFO - 2016-06-03 17:36:10 --> Fuel\Core\Request::execute - Called
INFO - 2016-06-03 17:36:10 --> Fuel\Core\Request::execute - Setting main Request
INFO - 2016-06-03 17:36:11 --> Fuel\Core\Request::__construct - Creating a new main Request with URI = "aa"
INFO - 2016-06-03 17:36:11 --> Fuel\Core\Request::execute - Called
INFO - 2016-06-03 17:36:11 --> Fuel\Core\Request::execute - Setting main Request
INFO - 2016-06-03 17:36:12 --> Fuel\Core\Request::__construct - Creating a new main Request with URI = "retail"
INFO - 2016-06-03 17:36:12 --> Fuel\Core\Request::execute - Called
INFO - 2016-06-03 17:36:12 --> Fuel\Core\Request::execute - Setting main Request
INFO - 2016-06-03 17:36:45 --> Fuel\Core\Request::__construct - Creating a new main Request with URI = "top"
INFO - 2016-06-03 17:36:45 --> Fuel\Core\Request::execute - Called
INFO - 2016-06-03 17:36:45 --> Fuel\Core\Request::execute - Setting main Request
INFO - 2016-06-03 17:36:48 --> Fuel\Core\Request::__construct - Creating a new main Request with URI = "retail"
INFO - 2016-06-03 17:36:48 --> Fuel\Core\Request::execute - Called
INFO - 2016-06-03 17:36:48 --> Fuel\Core\Request::execute - Setting main Request
INFO - 2016-06-03 17:36:53 --> Fuel\Core\Request::__construct - Creating a new main Request with URI = "retail/search"
INFO - 2016-06-03 17:36:53 --> Fuel\Core\Request::execute - Called
INFO - 2016-06-03 17:36:53 --> Fuel\Core\Request::execute - Setting main Request
INFO - 2016-06-03 17:36:54 --> Fuel\Core\Request::__construct - Creating a new main Request with URI = "retail/history"
INFO - 2016-06-03 17:36:54 --> Fuel\Core\Request::execute - Called
INFO - 2016-06-03 17:36:54 --> Fuel\Core\Request::execute - Setting main Request
INFO - 2016-06-03 17:37:05 --> Fuel\Core\Request::__construct - Creating a new main Request with URI = "retail"
INFO - 2016-06-03 17:37:05 --> Fuel\Core\Request::execute - Called
INFO - 2016-06-03 17:37:05 --> Fuel\Core\Request::execute - Setting main Request
INFO - 2016-06-03 17:37:08 --> Fuel\Core\Request::__construct - Creating a new main Request with URI = "retail"
INFO - 2016-06-03 17:37:08 --> Fuel\Core\Request::execute - Called
INFO - 2016-06-03 17:37:08 --> Fuel\Core\Request::execute - Setting main Request
INFO - 2016-06-03 17:37:09 --> Fuel\Core\Request::__construct - Creating a new main Request with URI = "modal/model"
INFO - 2016-06-03 17:37:09 --> Fuel\Core\Request::execute - Called
INFO - 2016-06-03 17:37:09 --> Fuel\Core\Request::execute - Setting main Request
INFO - 2016-06-03 17:37:14 --> Fuel\Core\Request::__construct - Creating a new main Request with URI = "retail"
INFO - 2016-06-03 17:37:14 --> Fuel\Core\Request::execute - Called
INFO - 2016-06-03 17:37:14 --> Fuel\Core\Request::execute - Setting main Request
INFO - 2016-06-03 17:37:28 --> Fuel\Core\Request::__construct - Creating a new main Request with URI = "retail"
INFO - 2016-06-03 17:37:28 --> Fuel\Core\Request::execute - Called
INFO - 2016-06-03 17:37:28 --> Fuel\Core\Request::execute - Setting main Request
INFO - 2016-06-03 17:37:30 --> Fuel\Core\Request::__construct - Creating a new main Request with URI = "aa"
INFO - 2016-06-03 17:37:30 --> Fuel\Core\Request::execute - Called
INFO - 2016-06-03 17:37:30 --> Fuel\Core\Request::execute - Setting main Request
INFO - 2016-06-03 17:37:33 --> Fuel\Core\Request::__construct - Creating a new main Request with URI = "modal/venue"
INFO - 2016-06-03 17:37:33 --> Fuel\Core\Request::execute - Called
INFO - 2016-06-03 17:37:33 --> Fuel\Core\Request::execute - Setting main Request
INFO - 2016-06-03 17:37:51 --> Fuel\Core\Request::__construct - Creating a new main Request with URI = "modal/venue"
INFO - 2016-06-03 17:37:51 --> Fuel\Core\Request::execute - Called
INFO - 2016-06-03 17:37:51 --> Fuel\Core\Request::execute - Setting main Request
INFO - 2016-06-03 17:37:54 --> Fuel\Core\Request::__construct - Creating a new main Request with URI = "aa/save"
INFO - 2016-06-03 17:37:54 --> Fuel\Core\Request::execute - Called
INFO - 2016-06-03 17:37:54 --> Fuel\Core\Request::execute - Setting main Request
INFO - 2016-06-03 17:37:58 --> Fuel\Core\Request::__construct - Creating a new main Request with URI = "aa/history"
INFO - 2016-06-03 17:37:58 --> Fuel\Core\Request::execute - Called
INFO - 2016-06-03 17:37:58 --> Fuel\Core\Request::execute - Setting main Request
INFO - 2016-06-03 17:42:41 --> Fuel\Core\Request::__construct - Creating a new main Request with URI = "modal/venue"
INFO - 2016-06-03 17:42:41 --> Fuel\Core\Request::execute - Called
INFO - 2016-06-03 17:42:41 --> Fuel\Core\Request::execute - Setting main Request
INFO - 2016-06-03 17:42:46 --> Fuel\Core\Request::__construct - Creating a new main Request with URI = "aa/save"
INFO - 2016-06-03 17:42:46 --> Fuel\Core\Request::execute - Called
INFO - 2016-06-03 17:42:46 --> Fuel\Core\Request::execute - Setting main Request
INFO - 2016-06-03 17:42:49 --> Fuel\Core\Request::__construct - Creating a new main Request with URI = "grade"
INFO - 2016-06-03 17:42:49 --> Fuel\Core\Request::execute - Called
INFO - 2016-06-03 17:42:49 --> Fuel\Core\Request::execute - Setting main Request
INFO - 2016-06-03 17:42:49 --> Fuel\Core\Request::__construct - Creating a new main Request with URI = "soldoff"
INFO - 2016-06-03 17:42:49 --> Fuel\Core\Request::execute - Called
INFO - 2016-06-03 17:42:49 --> Fuel\Core\Request::execute - Setting main Request
INFO - 2016-06-03 17:42:51 --> Fuel\Core\Request::__construct - Creating a new main Request with URI = "soldoff"
INFO - 2016-06-03 17:42:51 --> Fuel\Core\Request::execute - Called
INFO - 2016-06-03 17:42:51 --> Fuel\Core\Request::execute - Setting main Request
INFO - 2016-06-03 17:42:52 --> Fuel\Core\Request::__construct - Creating a new main Request with URI = "aa"
INFO - 2016-06-03 17:42:52 --> Fuel\Core\Request::execute - Called
INFO - 2016-06-03 17:42:52 --> Fuel\Core\Request::execute - Setting main Request
INFO - 2016-06-03 17:42:53 --> Fuel\Core\Request::__construct - Creating a new main Request with URI = "retail"
INFO - 2016-06-03 17:42:53 --> Fuel\Core\Request::execute - Called
INFO - 2016-06-03 17:42:53 --> Fuel\Core\Request::execute - Setting main Request
INFO - 2016-06-03 17:43:21 --> Fuel\Core\Request::__construct - Creating a new main Request with URI = "retail/save"
INFO - 2016-06-03 17:43:21 --> Fuel\Core\Request::execute - Called
INFO - 2016-06-03 17:43:21 --> Fuel\Core\Request::execute - Setting main Request
INFO - 2016-06-03 17:49:19 --> Fuel\Core\Request::__construct - Creating a new main Request with URI = "retail"
INFO - 2016-06-03 17:49:19 --> Fuel\Core\Request::execute - Called
INFO - 2016-06-03 17:49:19 --> Fuel\Core\Request::execute - Setting main Request
INFO - 2016-06-03 17:50:50 --> Fuel\Core\Request::__construct - Creating a new main Request with URI = "modal/model"
INFO - 2016-06-03 17:50:50 --> Fuel\Core\Request::execute - Called
INFO - 2016-06-03 17:50:50 --> Fuel\Core\Request::execute - Setting main Request
INFO - 2016-06-03 17:50:54 --> Fuel\Core\Request::__construct - Creating a new main Request with URI = "modal/prefs"
INFO - 2016-06-03 17:50:54 --> Fuel\Core\Request::execute - Called
INFO - 2016-06-03 17:50:54 --> Fuel\Core\Request::execute - Setting main Request
INFO - 2016-06-03 17:50:57 --> Fuel\Core\Request::__construct - Creating a new main Request with URI = "aa"
INFO - 2016-06-03 17:50:57 --> Fuel\Core\Request::execute - Called
INFO - 2016-06-03 17:50:57 --> Fuel\Core\Request::execute - Setting main Request
INFO - 2016-06-03 17:50:57 --> Fuel\Core\Request::__construct - Creating a new main Request with URI = "retail"
INFO - 2016-06-03 17:50:57 --> Fuel\Core\Request::execute - Called
INFO - 2016-06-03 17:50:57 --> Fuel\Core\Request::execute - Setting main Request
INFO - 2016-06-03 17:50:58 --> Fuel\Core\Request::__construct - Creating a new main Request with URI = "aa"
INFO - 2016-06-03 17:50:59 --> Fuel\Core\Request::execute - Called
INFO - 2016-06-03 17:50:59 --> Fuel\Core\Request::execute - Setting main Request
INFO - 2016-06-03 17:53:19 --> Fuel\Core\Request::__construct - Creating a new main Request with URI = "aa/save"
INFO - 2016-06-03 17:53:19 --> Fuel\Core\Request::execute - Called
INFO - 2016-06-03 17:53:19 --> Fuel\Core\Request::execute - Setting main Request
INFO - 2016-06-03 17:54:09 --> Fuel\Core\Request::__construct - Creating a new main Request with URI = "aa/save"
INFO - 2016-06-03 17:54:09 --> Fuel\Core\Request::execute - Called
INFO - 2016-06-03 17:54:09 --> Fuel\Core\Request::execute - Setting main Request
INFO - 2016-06-03 17:54:15 --> Fuel\Core\Request::__construct - Creating a new main Request with URI = "aa/search"
INFO - 2016-06-03 17:54:15 --> Fuel\Core\Request::execute - Called
INFO - 2016-06-03 17:54:15 --> Fuel\Core\Request::execute - Setting main Request
INFO - 2016-06-03 17:54:17 --> Fuel\Core\Request::__construct - Creating a new main Request with URI = "aa/search"
INFO - 2016-06-03 17:54:17 --> Fuel\Core\Request::execute - Called
INFO - 2016-06-03 17:54:17 --> Fuel\Core\Request::execute - Setting main Request
INFO - 2016-06-03 17:54:19 --> Fuel\Core\Request::__construct - Creating a new main Request with URI = "retail"
INFO - 2016-06-03 17:54:19 --> Fuel\Core\Request::execute - Called
INFO - 2016-06-03 17:54:19 --> Fuel\Core\Request::execute - Setting main Request
INFO - 2016-06-03 17:54:21 --> Fuel\Core\Request::__construct - Creating a new main Request with URI = ""
INFO - 2016-06-03 17:54:21 --> Fuel\Core\Request::execute - Called
INFO - 2016-06-03 17:54:21 --> Fuel\Core\Request::execute - Setting main Request
INFO - 2016-06-03 17:54:23 --> Fuel\Core\Request::__construct - Creating a new main Request with URI = "retail"
INFO - 2016-06-03 17:54:23 --> Fuel\Core\Request::execute - Called
INFO - 2016-06-03 17:54:23 --> Fuel\Core\Request::execute - Setting main Request
INFO - 2016-06-03 17:54:25 --> Fuel\Core\Request::__construct - Creating a new main Request with URI = "modal/area"
INFO - 2016-06-03 17:54:25 --> Fuel\Core\Request::execute - Called
INFO - 2016-06-03 17:54:25 --> Fuel\Core\Request::execute - Setting main Request
INFO - 2016-06-03 17:54:30 --> Fuel\Core\Request::__construct - Creating a new main Request with URI = "modal/area"
INFO - 2016-06-03 17:54:30 --> Fuel\Core\Request::execute - Called
INFO - 2016-06-03 17:54:30 --> Fuel\Core\Request::execute - Setting main Request
INFO - 2016-06-03 17:54:32 --> Fuel\Core\Request::__construct - Creating a new main Request with URI = "aa"
INFO - 2016-06-03 17:54:32 --> Fuel\Core\Request::execute - Called
INFO - 2016-06-03 17:54:32 --> Fuel\Core\Request::execute - Setting main Request
INFO - 2016-06-03 17:54:35 --> Fuel\Core\Request::__construct - Creating a new main Request with URI = "retail"
INFO - 2016-06-03 17:54:35 --> Fuel\Core\Request::execute - Called
INFO - 2016-06-03 17:54:35 --> Fuel\Core\Request::execute - Setting main Request
INFO - 2016-06-03 17:57:26 --> Fuel\Core\Request::__construct - Creating a new main Request with URI = "retail"
INFO - 2016-06-03 17:57:26 --> Fuel\Core\Request::execute - Called
INFO - 2016-06-03 17:57:26 --> Fuel\Core\Request::execute - Setting main Request
INFO - 2016-06-03 17:57:28 --> Fuel\Core\Request::__construct - Creating a new main Request with URI = "modal/area"
INFO - 2016-06-03 17:57:28 --> Fuel\Core\Request::execute - Called
INFO - 2016-06-03 17:57:28 --> Fuel\Core\Request::execute - Setting main Request
INFO - 2016-06-03 18:00:33 --> Fuel\Core\Request::__construct - Creating a new main Request with URI = "retail"
INFO - 2016-06-03 18:00:33 --> Fuel\Core\Request::execute - Called
INFO - 2016-06-03 18:00:33 --> Fuel\Core\Request::execute - Setting main Request
INFO - 2016-06-03 18:00:34 --> Fuel\Core\Request::__construct - Creating a new main Request with URI = "modal/area"
INFO - 2016-06-03 18:00:34 --> Fuel\Core\Request::execute - Called
INFO - 2016-06-03 18:00:34 --> Fuel\Core\Request::execute - Setting main Request
INFO - 2016-06-03 18:01:35 --> Fuel\Core\Request::__construct - Creating a new main Request with URI = "retail"
INFO - 2016-06-03 18:01:35 --> Fuel\Core\Request::execute - Called
INFO - 2016-06-03 18:01:35 --> Fuel\Core\Request::execute - Setting main Request
INFO - 2016-06-03 18:01:37 --> Fuel\Core\Request::__construct - Creating a new main Request with URI = "modal/area"
INFO - 2016-06-03 18:01:37 --> Fuel\Core\Request::execute - Called
INFO - 2016-06-03 18:01:37 --> Fuel\Core\Request::execute - Setting main Request
INFO - 2016-06-04 00:58:00 --> Fuel\Core\Request::__construct - Creating a new main Request with URI = ""
INFO - 2016-06-04 00:58:00 --> Fuel\Core\Request::execute - Called
INFO - 2016-06-04 00:58:00 --> Fuel\Core\Request::execute - Setting main Request
INFO - 2016-06-04 01:00:38 --> Fuel\Core\Request::__construct - Creating a new main Request with URI = ""
INFO - 2016-06-04 01:00:38 --> Fuel\Core\Request::execute - Called
INFO - 2016-06-04 01:00:38 --> Fuel\Core\Request::execute - Setting main Request
INFO - 2016-06-04 01:01:04 --> Fuel\Core\Request::__construct - Creating a new main Request with URI = ""
INFO - 2016-06-04 01:01:04 --> Fuel\Core\Request::execute - Called
INFO - 2016-06-04 01:01:04 --> Fuel\Core\Request::execute - Setting main Request
INFO - 2016-06-04 01:01:05 --> Fuel\Core\Request::__construct - Creating a new main Request with URI = ""
INFO - 2016-06-04 01:01:05 --> Fuel\Core\Request::execute - Called
INFO - 2016-06-04 01:01:05 --> Fuel\Core\Request::execute - Setting main Request
INFO - 2016-06-04 01:01:05 --> Fuel\Core\Request::__construct - Creating a new main Request with URI = ""
INFO - 2016-06-04 01:01:05 --> Fuel\Core\Request::execute - Called
INFO - 2016-06-04 01:01:05 --> Fuel\Core\Request::execute - Setting main Request
INFO - 2016-06-04 01:01:05 --> Fuel\Core\Request::__construct - Creating a new main Request with URI = ""
INFO - 2016-06-04 01:01:05 --> Fuel\Core\Request::execute - Called
INFO - 2016-06-04 01:01:05 --> Fuel\Core\Request::execute - Setting main Request
INFO - 2016-06-04 01:04:04 --> Fuel\Core\Request::__construct - Creating a new main Request with URI = ""
INFO - 2016-06-04 01:04:04 --> Fuel\Core\Request::execute - Called
INFO - 2016-06-04 01:04:04 --> Fuel\Core\Request::execute - Setting main Request
INFO - 2016-06-04 01:05:19 --> Fuel\Core\Request::__construct - Creating a new main Request with URI = "dashboard"
INFO - 2016-06-04 01:05:19 --> Fuel\Core\Request::execute - Called
INFO - 2016-06-04 01:05:19 --> Fuel\Core\Request::execute - Setting main Request
INFO - 2016-06-04 01:05:20 --> Fuel\Core\Request::__construct - Creating a new main Request with URI = ""
INFO - 2016-06-04 01:05:20 --> Fuel\Core\Request::execute - Called
INFO - 2016-06-04 01:05:20 --> Fuel\Core\Request::execute - Setting main Request
INFO - 2016-06-04 01:05:20 --> Fuel\Core\Request::__construct - Creating a new main Request with URI = ""
INFO - 2016-06-04 01:05:20 --> Fuel\Core\Request::execute - Called
INFO - 2016-06-04 01:05:20 --> Fuel\Core\Request::execute - Setting main Request
INFO - 2016-06-04 01:05:27 --> Fuel\Core\Request::__construct - Creating a new main Request with URI = "retail"
INFO - 2016-06-04 01:05:27 --> Fuel\Core\Request::execute - Called
INFO - 2016-06-04 01:05:27 --> Fuel\Core\Request::execute - Setting main Request
INFO - 2016-06-04 01:05:29 --> Fuel\Core\Request::__construct - Creating a new main Request with URI = "modal/area"
INFO - 2016-06-04 01:05:29 --> Fuel\Core\Request::execute - Called
INFO - 2016-06-04 01:05:29 --> Fuel\Core\Request::execute - Setting main Request
INFO - 2016-06-04 01:05:41 --> Fuel\Core\Request::__construct - Creating a new main Request with URI = "retail"
INFO - 2016-06-04 01:05:41 --> Fuel\Core\Request::execute - Called
INFO - 2016-06-04 01:05:41 --> Fuel\Core\Request::execute - Setting main Request
INFO - 2016-06-04 01:05:44 --> Fuel\Core\Request::__construct - Creating a new main Request with URI = ""
INFO - 2016-06-04 01:05:44 --> Fuel\Core\Request::execute - Called
INFO - 2016-06-04 01:05:44 --> Fuel\Core\Request::execute - Setting main Request
INFO - 2016-06-04 01:05:45 --> Fuel\Core\Request::__construct - Creating a new main Request with URI = ""
INFO - 2016-06-04 01:05:45 --> Fuel\Core\Request::execute - Called
INFO - 2016-06-04 01:05:45 --> Fuel\Core\Request::execute - Setting main Request
INFO - 2016-06-04 01:06:01 --> Fuel\Core\Request::__construct - Creating a new main Request with URI = "retail"
INFO - 2016-06-04 01:06:01 --> Fuel\Core\Request::execute - Called
INFO - 2016-06-04 01:06:01 --> Fuel\Core\Request::execute - Setting main Request
INFO - 2016-06-04 01:06:03 --> Fuel\Core\Request::__construct - Creating a new main Request with URI = "modal/model"
INFO - 2016-06-04 01:06:03 --> Fuel\Core\Request::execute - Called
INFO - 2016-06-04 01:06:03 --> Fuel\Core\Request::execute - Setting main Request
INFO - 2016-06-04 01:06:07 --> Fuel\Core\Request::__construct - Creating a new main Request with URI = "modal/area"
INFO - 2016-06-04 01:06:07 --> Fuel\Core\Request::execute - Called
INFO - 2016-06-04 01:06:07 --> Fuel\Core\Request::execute - Setting main Request
INFO - 2016-06-04 01:08:23 --> Fuel\Core\Request::__construct - Creating a new main Request with URI = "retail"
INFO - 2016-06-04 01:08:23 --> Fuel\Core\Request::execute - Called
INFO - 2016-06-04 01:08:23 --> Fuel\Core\Request::execute - Setting main Request
INFO - 2016-06-04 01:08:23 --> Fuel\Core\Request::__construct - Creating a new main Request with URI = "assets/js/maps"
INFO - 2016-06-04 01:08:23 --> Fuel\Core\Request::execute - Called
INFO - 2016-06-04 01:08:23 --> Fuel\Core\Request::execute - Setting main Request
INFO - 2016-06-04 01:08:59 --> Fuel\Core\Request::__construct - Creating a new main Request with URI = "retail"
INFO - 2016-06-04 01:08:59 --> Fuel\Core\Request::execute - Called
INFO - 2016-06-04 01:08:59 --> Fuel\Core\Request::execute - Setting main Request
INFO - 2016-06-04 01:09:01 --> Fuel\Core\Request::__construct - Creating a new main Request with URI = "modal/area"
INFO - 2016-06-04 01:09:01 --> Fuel\Core\Request::execute - Called
INFO - 2016-06-04 01:09:01 --> Fuel\Core\Request::execute - Setting main Request
INFO - 2016-06-04 01:09:30 --> Fuel\Core\Request::__construct - Creating a new main Request with URI = "retail"
INFO - 2016-06-04 01:09:30 --> Fuel\Core\Request::execute - Called
INFO - 2016-06-04 01:09:30 --> Fuel\Core\Request::execute - Setting main Request
INFO - 2016-06-04 01:09:33 --> Fuel\Core\Request::__construct - Creating a new main Request with URI = "modal/area"
INFO - 2016-06-04 01:09:33 --> Fuel\Core\Request::execute - Called
INFO - 2016-06-04 01:09:33 --> Fuel\Core\Request::execute - Setting main Request
INFO - 2016-06-04 01:10:37 --> Fuel\Core\Request::__construct - Creating a new main Request with URI = "retail"
INFO - 2016-06-04 01:10:37 --> Fuel\Core\Request::execute - Called
INFO - 2016-06-04 01:10:37 --> Fuel\Core\Request::execute - Setting main Request
INFO - 2016-06-04 01:10:39 --> Fuel\Core\Request::__construct - Creating a new main Request with URI = "modal/area"
INFO - 2016-06-04 01:10:39 --> Fuel\Core\Request::execute - Called
INFO - 2016-06-04 01:10:39 --> Fuel\Core\Request::execute - Setting main Request
INFO - 2016-06-04 01:11:17 --> Fuel\Core\Request::__construct - Creating a new main Request with URI = "retail"
INFO - 2016-06-04 01:11:17 --> Fuel\Core\Request::execute - Called
INFO - 2016-06-04 01:11:17 --> Fuel\Core\Request::execute - Setting main Request
INFO - 2016-06-04 01:11:18 --> Fuel\Core\Request::__construct - Creating a new main Request with URI = "retail"
INFO - 2016-06-04 01:11:18 --> Fuel\Core\Request::execute - Called
INFO - 2016-06-04 01:11:18 --> Fuel\Core\Request::execute - Setting main Request
INFO - 2016-06-04 01:11:19 --> Fuel\Core\Request::__construct - Creating a new main Request with URI = "modal/area"
INFO - 2016-06-04 01:11:19 --> Fuel\Core\Request::execute - Called
INFO - 2016-06-04 01:11:19 --> Fuel\Core\Request::execute - Setting main Request
INFO - 2016-06-04 01:11:36 --> Fuel\Core\Request::__construct - Creating a new main Request with URI = "retail"
INFO - 2016-06-04 01:11:36 --> Fuel\Core\Request::execute - Called
INFO - 2016-06-04 01:11:36 --> Fuel\Core\Request::execute - Setting main Request
INFO - 2016-06-04 01:11:37 --> Fuel\Core\Request::__construct - Creating a new main Request with URI = "modal/area"
INFO - 2016-06-04 01:11:37 --> Fuel\Core\Request::execute - Called
INFO - 2016-06-04 01:11:37 --> Fuel\Core\Request::execute - Setting main Request
INFO - 2016-06-04 01:11:44 --> Fuel\Core\Request::__construct - Creating a new main Request with URI = "retail"
INFO - 2016-06-04 01:11:44 --> Fuel\Core\Request::execute - Called
INFO - 2016-06-04 01:11:44 --> Fuel\Core\Request::execute - Setting main Request
INFO - 2016-06-04 01:13:05 --> Fuel\Core\Request::__construct - Creating a new main Request with URI = "retail"
INFO - 2016-06-04 01:13:05 --> Fuel\Core\Request::execute - Called
INFO - 2016-06-04 01:13:05 --> Fuel\Core\Request::execute - Setting main Request
INFO - 2016-06-04 01:13:06 --> Fuel\Core\Request::__construct - Creating a new main Request with URI = "modal/area"
INFO - 2016-06-04 01:13:06 --> Fuel\Core\Request::execute - Called
INFO - 2016-06-04 01:13:06 --> Fuel\Core\Request::execute - Setting main Request
INFO - 2016-06-04 01:13:15 --> Fuel\Core\Request::__construct - Creating a new main Request with URI = "retail"
INFO - 2016-06-04 01:13:15 --> Fuel\Core\Request::execute - Called
INFO - 2016-06-04 01:13:15 --> Fuel\Core\Request::execute - Setting main Request
INFO - 2016-06-04 01:13:16 --> Fuel\Core\Request::__construct - Creating a new main Request with URI = "retail/save"
INFO - 2016-06-04 01:13:16 --> Fuel\Core\Request::execute - Called
INFO - 2016-06-04 01:13:16 --> Fuel\Core\Request::execute - Setting main Request
INFO - 2016-06-04 01:13:18 --> Fuel\Core\Request::__construct - Creating a new main Request with URI = "modal/area"
INFO - 2016-06-04 01:13:18 --> Fuel\Core\Request::execute - Called
INFO - 2016-06-04 01:13:18 --> Fuel\Core\Request::execute - Setting main Request
INFO - 2016-06-04 01:13:45 --> Fuel\Core\Request::__construct - Creating a new main Request with URI = "retail"
INFO - 2016-06-04 01:13:45 --> Fuel\Core\Request::execute - Called
INFO - 2016-06-04 01:13:45 --> Fuel\Core\Request::execute - Setting main Request
INFO - 2016-06-04 01:13:47 --> Fuel\Core\Request::__construct - Creating a new main Request with URI = "modal/area"
INFO - 2016-06-04 01:13:47 --> Fuel\Core\Request::execute - Called
INFO - 2016-06-04 01:13:47 --> Fuel\Core\Request::execute - Setting main Request
INFO - 2016-06-04 01:17:23 --> Fuel\Core\Request::__construct - Creating a new main Request with URI = "modal/area"
INFO - 2016-06-04 01:17:23 --> Fuel\Core\Request::execute - Called
INFO - 2016-06-04 01:17:23 --> Fuel\Core\Request::execute - Setting main Request
INFO - 2016-06-04 01:27:06 --> Fuel\Core\Request::__construct - Creating a new main Request with URI = "retail"
INFO - 2016-06-04 01:27:07 --> Fuel\Core\Request::__construct - Creating a new main Request with URI = "retail"
INFO - 2016-06-04 01:27:07 --> Fuel\Core\Request::__construct - Creating a new main Request with URI = "retail"
INFO - 2016-06-04 01:27:08 --> Fuel\Core\Request::__construct - Creating a new main Request with URI = "retail"
INFO - 2016-06-04 01:27:13 --> Fuel\Core\Request::__construct - Creating a new main Request with URI = "retail"
INFO - 2016-06-04 01:27:16 --> Fuel\Core\Request::__construct - Creating a new main Request with URI = "aa"
INFO - 2016-06-04 01:27:16 --> Fuel\Core\Request::execute - Called
INFO - 2016-06-04 01:27:16 --> Fuel\Core\Request::execute - Setting main Request
INFO - 2016-06-04 01:27:41 --> Fuel\Core\Request::__construct - Creating a new main Request with URI = "aa"
INFO - 2016-06-04 01:27:41 --> Fuel\Core\Request::execute - Called
INFO - 2016-06-04 01:27:41 --> Fuel\Core\Request::execute - Setting main Request
INFO - 2016-06-04 01:27:42 --> Fuel\Core\Request::__construct - Creating a new main Request with URI = "retail"
INFO - 2016-06-04 01:27:42 --> Fuel\Core\Request::execute - Called
INFO - 2016-06-04 01:27:42 --> Fuel\Core\Request::execute - Setting main Request
INFO - 2016-06-04 01:27:44 --> Fuel\Core\Request::__construct - Creating a new main Request with URI = "modal/area"
INFO - 2016-06-04 01:27:44 --> Fuel\Core\Request::execute - Called
INFO - 2016-06-04 01:27:44 --> Fuel\Core\Request::execute - Setting main Request
INFO - 2016-06-04 01:28:17 --> Fuel\Core\Request::__construct - Creating a new main Request with URI = "retail"
INFO - 2016-06-04 01:28:34 --> Fuel\Core\Request::__construct - Creating a new main Request with URI = "retail"
INFO - 2016-06-04 01:28:34 --> Fuel\Core\Request::execute - Called
INFO - 2016-06-04 01:28:34 --> Fuel\Core\Request::execute - Setting main Request
INFO - 2016-06-04 01:28:53 --> Fuel\Core\Request::__construct - Creating a new main Request with URI = "retail"
INFO - 2016-06-04 01:28:53 --> Fuel\Core\Request::execute - Called
INFO - 2016-06-04 01:28:53 --> Fuel\Core\Request::execute - Setting main Request
INFO - 2016-06-04 01:28:53 --> Fuel\Core\Request::__construct - Creating a new main Request with URI = "retail"
INFO - 2016-06-04 01:28:53 --> Fuel\Core\Request::execute - Called
INFO - 2016-06-04 01:28:53 --> Fuel\Core\Request::execute - Setting main Request
INFO - 2016-06-04 01:28:54 --> Fuel\Core\Request::__construct - Creating a new main Request with URI = "retail"
INFO - 2016-06-04 01:28:54 --> Fuel\Core\Request::execute - Called
INFO - 2016-06-04 01:28:54 --> Fuel\Core\Request::execute - Setting main Request
INFO - 2016-06-04 01:28:54 --> Fuel\Core\Request::__construct - Creating a new main Request with URI = "retail"
INFO - 2016-06-04 01:28:54 --> Fuel\Core\Request::execute - Called
INFO - 2016-06-04 01:28:54 --> Fuel\Core\Request::execute - Setting main Request
INFO - 2016-06-04 01:28:56 --> Fuel\Core\Request::__construct - Creating a new main Request with URI = "modal/area"
INFO - 2016-06-04 01:28:56 --> Fuel\Core\Request::execute - Called
INFO - 2016-06-04 01:28:56 --> Fuel\Core\Request::execute - Setting main Request
INFO - 2016-06-04 01:29:05 --> Fuel\Core\Request::__construct - Creating a new main Request with URI = "retail"
INFO - 2016-06-04 01:29:05 --> Fuel\Core\Request::execute - Called
INFO - 2016-06-04 01:29:05 --> Fuel\Core\Request::execute - Setting main Request
INFO - 2016-06-04 01:29:07 --> Fuel\Core\Request::__construct - Creating a new main Request with URI = "modal/area"
INFO - 2016-06-04 01:29:07 --> Fuel\Core\Request::execute - Called
INFO - 2016-06-04 01:29:07 --> Fuel\Core\Request::execute - Setting main Request
INFO - 2016-06-04 01:29:26 --> Fuel\Core\Request::__construct - Creating a new main Request with URI = "retail"
INFO - 2016-06-04 01:29:26 --> Fuel\Core\Request::execute - Called
INFO - 2016-06-04 01:29:26 --> Fuel\Core\Request::execute - Setting main Request
INFO - 2016-06-04 01:29:27 --> Fuel\Core\Request::__construct - Creating a new main Request with URI = "modal/area"
INFO - 2016-06-04 01:29:27 --> Fuel\Core\Request::execute - Called
INFO - 2016-06-04 01:29:27 --> Fuel\Core\Request::execute - Setting main Request
INFO - 2016-06-04 01:29:38 --> Fuel\Core\Request::__construct - Creating a new main Request with URI = "retail"
INFO - 2016-06-04 01:29:38 --> Fuel\Core\Request::execute - Called
INFO - 2016-06-04 01:29:38 --> Fuel\Core\Request::execute - Setting main Request
INFO - 2016-06-04 01:29:39 --> Fuel\Core\Request::__construct - Creating a new main Request with URI = "modal/area"
INFO - 2016-06-04 01:29:39 --> Fuel\Core\Request::execute - Called
INFO - 2016-06-04 01:29:39 --> Fuel\Core\Request::execute - Setting main Request
INFO - 2016-06-04 01:29:39 --> Fuel\Core\Request::__construct - Creating a new main Request with URI = "retail"
INFO - 2016-06-04 01:29:39 --> Fuel\Core\Request::execute - Called
INFO - 2016-06-04 01:29:39 --> Fuel\Core\Request::execute - Setting main Request
INFO - 2016-06-04 01:30:08 --> Fuel\Core\Request::__construct - Creating a new main Request with URI = "retail"
INFO - 2016-06-04 01:30:09 --> Fuel\Core\Request::__construct - Creating a new main Request with URI = "retail"
INFO - 2016-06-04 01:30:09 --> Fuel\Core\Request::__construct - Creating a new main Request with URI = "retail"
INFO - 2016-06-04 01:30:10 --> Fuel\Core\Request::__construct - Creating a new main Request with URI = "retail"
INFO - 2016-06-04 01:30:12 --> Fuel\Core\Request::__construct - Creating a new main Request with URI = "aa"
INFO - 2016-06-04 01:30:12 --> Fuel\Core\Request::execute - Called
INFO - 2016-06-04 01:30:12 --> Fuel\Core\Request::execute - Setting main Request
INFO - 2016-06-04 01:30:16 --> Fuel\Core\Request::__construct - Creating a new main Request with URI = "aa/save"
INFO - 2016-06-04 01:30:16 --> Fuel\Core\Request::execute - Called
INFO - 2016-06-04 01:30:16 --> Fuel\Core\Request::execute - Setting main Request
INFO - 2016-06-04 01:30:18 --> Fuel\Core\Request::__construct - Creating a new main Request with URI = "modal/venue"
INFO - 2016-06-04 01:30:18 --> Fuel\Core\Request::execute - Called
INFO - 2016-06-04 01:30:18 --> Fuel\Core\Request::execute - Setting main Request
INFO - 2016-06-04 01:30:20 --> Fuel\Core\Request::__construct - Creating a new main Request with URI = "retail"
INFO - 2016-06-04 01:30:24 --> Fuel\Core\Request::__construct - Creating a new main Request with URI = "retail"
INFO - 2016-06-04 01:30:24 --> Fuel\Core\Request::__construct - Creating a new main Request with URI = "retail"
INFO - 2016-06-04 01:30:25 --> Fuel\Core\Request::__construct - Creating a new main Request with URI = "retail"
INFO - 2016-06-04 01:30:25 --> Fuel\Core\Request::__construct - Creating a new main Request with URI = "retail"
INFO - 2016-06-04 01:30:25 --> Fuel\Core\Request::__construct - Creating a new main Request with URI = "retail"
INFO - 2016-06-04 01:32:35 --> Fuel\Core\Request::__construct - Creating a new main Request with URI = "dmatch/public"
INFO - 2016-06-04 01:32:35 --> Fuel\Core\Request::execute - Called
INFO - 2016-06-04 01:32:35 --> Fuel\Core\Request::execute - Setting main Request
INFO - 2016-06-04 01:32:36 --> Fuel\Core\Request::__construct - Creating a new main Request with URI = "dmatch/public"
INFO - 2016-06-04 01:32:36 --> Fuel\Core\Request::execute - Called
INFO - 2016-06-04 01:32:36 --> Fuel\Core\Request::execute - Setting main Request
INFO - 2016-06-04 01:32:37 --> Fuel\Core\Request::__construct - Creating a new main Request with URI = "dmatch/public"
INFO - 2016-06-04 01:32:37 --> Fuel\Core\Request::execute - Called
INFO - 2016-06-04 01:32:37 --> Fuel\Core\Request::execute - Setting main Request
INFO - 2016-06-04 01:32:39 --> Fuel\Core\Request::__construct - Creating a new main Request with URI = "retail"
INFO - 2016-06-04 01:32:39 --> Fuel\Core\Request::__construct - Creating a new main Request with URI = "retail"
INFO - 2016-06-04 01:32:40 --> Fuel\Core\Request::__construct - Creating a new main Request with URI = "retail"
INFO - 2016-06-04 01:32:40 --> Fuel\Core\Request::__construct - Creating a new main Request with URI = "retail"
INFO - 2016-06-04 01:32:40 --> Fuel\Core\Request::__construct - Creating a new main Request with URI = "retail"
INFO - 2016-06-04 01:32:40 --> Fuel\Core\Request::__construct - Creating a new main Request with URI = "retail"
INFO - 2016-06-04 01:32:46 --> Fuel\Core\Request::__construct - Creating a new main Request with URI = "retail"
INFO - 2016-06-04 01:32:46 --> Fuel\Core\Request::execute - Called
INFO - 2016-06-04 01:32:46 --> Fuel\Core\Request::execute - Setting main Request
INFO - 2016-06-04 01:32:48 --> Fuel\Core\Request::__construct - Creating a new main Request with URI = "modal/area"
INFO - 2016-06-04 01:32:48 --> Fuel\Core\Request::execute - Called
INFO - 2016-06-04 01:32:48 --> Fuel\Core\Request::execute - Setting main Request
INFO - 2016-06-04 01:32:48 --> Fuel\Core\Request::__construct - Creating a new main Request with URI = "retail"
INFO - 2016-06-04 01:32:48 --> Fuel\Core\Request::execute - Called
INFO - 2016-06-04 01:32:48 --> Fuel\Core\Request::execute - Setting main Request
INFO - 2016-06-04 01:33:14 --> Fuel\Core\Request::__construct - Creating a new main Request with URI = "retail"
INFO - 2016-06-04 01:33:14 --> Fuel\Core\Request::execute - Called
INFO - 2016-06-04 01:33:14 --> Fuel\Core\Request::execute - Setting main Request
INFO - 2016-06-04 01:33:16 --> Fuel\Core\Request::__construct - Creating a new main Request with URI = "modal/area"
INFO - 2016-06-04 01:33:16 --> Fuel\Core\Request::execute - Called
INFO - 2016-06-04 01:33:16 --> Fuel\Core\Request::execute - Setting main Request
INFO - 2016-06-04 01:33:16 --> Fuel\Core\Request::__construct - Creating a new main Request with URI = "retail"
INFO - 2016-06-04 01:33:16 --> Fuel\Core\Request::execute - Called
INFO - 2016-06-04 01:33:16 --> Fuel\Core\Request::execute - Setting main Request
INFO - 2016-06-04 01:34:22 --> Fuel\Core\Request::__construct - Creating a new main Request with URI = "retail"
INFO - 2016-06-04 01:34:22 --> Fuel\Core\Request::execute - Called
INFO - 2016-06-04 01:34:22 --> Fuel\Core\Request::execute - Setting main Request
INFO - 2016-06-04 01:34:43 --> Fuel\Core\Request::__construct - Creating a new main Request with URI = "retail"
INFO - 2016-06-04 01:34:43 --> Fuel\Core\Request::execute - Called
INFO - 2016-06-04 01:34:43 --> Fuel\Core\Request::execute - Setting main Request
INFO - 2016-06-04 01:40:50 --> Fuel\Core\Request::__construct - Creating a new main Request with URI = "retail"
INFO - 2016-06-04 01:40:50 --> Fuel\Core\Request::execute - Called
INFO - 2016-06-04 01:40:50 --> Fuel\Core\Request::execute - Setting main Request
INFO - 2016-06-04 01:40:52 --> Fuel\Core\Request::__construct - Creating a new main Request with URI = "retail"
INFO - 2016-06-04 01:40:52 --> Fuel\Core\Request::execute - Called
INFO - 2016-06-04 01:40:52 --> Fuel\Core\Request::execute - Setting main Request
INFO - 2016-06-04 01:40:53 --> Fuel\Core\Request::__construct - Creating a new main Request with URI = "modal/area"
INFO - 2016-06-04 01:40:53 --> Fuel\Core\Request::execute - Called
INFO - 2016-06-04 01:40:53 --> Fuel\Core\Request::execute - Setting main Request
INFO - 2016-06-04 01:41:14 --> Fuel\Core\Request::__construct - Creating a new main Request with URI = "retail"
INFO - 2016-06-04 01:41:14 --> Fuel\Core\Request::execute - Called
INFO - 2016-06-04 01:41:14 --> Fuel\Core\Request::execute - Setting main Request
INFO - 2016-06-04 01:41:15 --> Fuel\Core\Request::__construct - Creating a new main Request with URI = "modal/area"
INFO - 2016-06-04 01:41:15 --> Fuel\Core\Request::execute - Called
INFO - 2016-06-04 01:41:15 --> Fuel\Core\Request::execute - Setting main Request
INFO - 2016-06-04 01:41:15 --> Fuel\Core\Request::__construct - Creating a new main Request with URI = "retail/getData"
INFO - 2016-06-04 01:41:15 --> Fuel\Core\Request::execute - Called
INFO - 2016-06-04 01:41:15 --> Fuel\Core\Request::execute - Setting main Request
INFO - 2016-06-04 01:48:28 --> Fuel\Core\Request::__construct - Creating a new main Request with URI = "retail"
INFO - 2016-06-04 01:49:31 --> Fuel\Core\Request::__construct - Creating a new main Request with URI = "retail"
INFO - 2016-06-04 01:49:31 --> Fuel\Core\Request::execute - Called
INFO - 2016-06-04 01:49:31 --> Fuel\Core\Request::execute - Setting main Request
INFO - 2016-06-04 01:49:33 --> Fuel\Core\Request::__construct - Creating a new main Request with URI = "modal/area"
INFO - 2016-06-04 01:49:33 --> Fuel\Core\Request::execute - Called
INFO - 2016-06-04 01:49:33 --> Fuel\Core\Request::execute - Setting main Request
INFO - 2016-06-04 01:50:10 --> Fuel\Core\Request::__construct - Creating a new main Request with URI = "retail"
INFO - 2016-06-04 01:50:11 --> Fuel\Core\Request::__construct - Creating a new main Request with URI = "retail"
INFO - 2016-06-04 01:50:11 --> Fuel\Core\Request::__construct - Creating a new main Request with URI = "retail"
INFO - 2016-06-04 01:50:12 --> Fuel\Core\Request::__construct - Creating a new main Request with URI = "retail"
INFO - 2016-06-04 01:50:12 --> Fuel\Core\Request::__construct - Creating a new main Request with URI = "retail"
INFO - 2016-06-04 01:50:12 --> Fuel\Core\Request::__construct - Creating a new main Request with URI = "retail"
INFO - 2016-06-04 01:50:16 --> Fuel\Core\Request::__construct - Creating a new main Request with URI = "retail"
INFO - 2016-06-04 01:50:17 --> Fuel\Core\Request::__construct - Creating a new main Request with URI = "retail"
INFO - 2016-06-04 01:50:17 --> Fuel\Core\Request::__construct - Creating a new main Request with URI = "retail"
INFO - 2016-06-04 01:50:17 --> Fuel\Core\Request::__construct - Creating a new main Request with URI = "retail"
INFO - 2016-06-04 01:50:17 --> Fuel\Core\Request::__construct - Creating a new main Request with URI = "retail"
INFO - 2016-06-04 01:50:18 --> Fuel\Core\Request::__construct - Creating a new main Request with URI = "retail"
INFO - 2016-06-04 01:50:19 --> Fuel\Core\Request::__construct - Creating a new main Request with URI = "aa"
INFO - 2016-06-04 01:50:19 --> Fuel\Core\Request::execute - Called
INFO - 2016-06-04 01:50:19 --> Fuel\Core\Request::execute - Setting main Request
INFO - 2016-06-04 01:50:20 --> Fuel\Core\Request::__construct - Creating a new main Request with URI = "retail"
INFO - 2016-06-04 01:50:41 --> Fuel\Core\Request::__construct - Creating a new main Request with URI = "retail"
INFO - 2016-06-04 01:50:42 --> Fuel\Core\Request::__construct - Creating a new main Request with URI = "retail"
INFO - 2016-06-04 01:50:42 --> Fuel\Core\Request::__construct - Creating a new main Request with URI = "retail"
INFO - 2016-06-04 01:50:42 --> Fuel\Core\Request::__construct - Creating a new main Request with URI = "retail"
INFO - 2016-06-04 01:50:42 --> Fuel\Core\Request::__construct - Creating a new main Request with URI = "retail"
INFO - 2016-06-04 01:50:42 --> Fuel\Core\Request::__construct - Creating a new main Request with URI = "retail"
INFO - 2016-06-04 01:50:51 --> Fuel\Core\Request::__construct - Creating a new main Request with URI = "retail"
INFO - 2016-06-04 01:50:51 --> Fuel\Core\Request::__construct - Creating a new main Request with URI = "retail"
INFO - 2016-06-04 01:50:52 --> Fuel\Core\Request::__construct - Creating a new main Request with URI = "retail"
INFO - 2016-06-04 01:50:52 --> Fuel\Core\Request::__construct - Creating a new main Request with URI = "retail"
INFO - 2016-06-04 01:50:52 --> Fuel\Core\Request::__construct - Creating a new main Request with URI = "retail"
INFO - 2016-06-04 01:50:52 --> Fuel\Core\Request::__construct - Creating a new main Request with URI = "retail"
INFO - 2016-06-04 01:51:45 --> Fuel\Core\Request::__construct - Creating a new main Request with URI = "retail"
INFO - 2016-06-04 01:51:45 --> Fuel\Core\Request::execute - Called
INFO - 2016-06-04 01:51:45 --> Fuel\Core\Request::execute - Setting main Request
INFO - 2016-06-04 01:51:47 --> Fuel\Core\Request::__construct - Creating a new main Request with URI = "retail"
INFO - 2016-06-04 01:51:47 --> Fuel\Core\Request::execute - Called
INFO - 2016-06-04 01:51:47 --> Fuel\Core\Request::execute - Setting main Request
INFO - 2016-06-04 01:51:48 --> Fuel\Core\Request::__construct - Creating a new main Request with URI = "modal/area"
INFO - 2016-06-04 01:51:48 --> Fuel\Core\Request::execute - Called
INFO - 2016-06-04 01:51:48 --> Fuel\Core\Request::execute - Setting main Request
INFO - 2016-06-04 01:52:03 --> Fuel\Core\Request::__construct - Creating a new main Request with URI = "retail"
INFO - 2016-06-04 01:52:18 --> Fuel\Core\Request::__construct - Creating a new main Request with URI = "retail"
INFO - 2016-06-04 01:52:27 --> Fuel\Core\Request::__construct - Creating a new main Request with URI = "retail"
INFO - 2016-06-04 01:52:28 --> Fuel\Core\Request::__construct - Creating a new main Request with URI = "retail"
INFO - 2016-06-04 01:52:28 --> Fuel\Core\Request::__construct - Creating a new main Request with URI = "retail"
INFO - 2016-06-04 01:52:28 --> Fuel\Core\Request::__construct - Creating a new main Request with URI = "retail"
INFO - 2016-06-04 01:52:29 --> Fuel\Core\Request::__construct - Creating a new main Request with URI = "aa"
INFO - 2016-06-04 01:52:29 --> Fuel\Core\Request::execute - Called
INFO - 2016-06-04 01:52:29 --> Fuel\Core\Request::execute - Setting main Request
INFO - 2016-06-04 01:52:30 --> Fuel\Core\Request::__construct - Creating a new main Request with URI = "modal/venue"
INFO - 2016-06-04 01:52:30 --> Fuel\Core\Request::execute - Called
INFO - 2016-06-04 01:52:30 --> Fuel\Core\Request::execute - Setting main Request
INFO - 2016-06-04 01:52:31 --> Fuel\Core\Request::__construct - Creating a new main Request with URI = "aa"
INFO - 2016-06-04 01:52:31 --> Fuel\Core\Request::execute - Called
INFO - 2016-06-04 01:52:31 --> Fuel\Core\Request::execute - Setting main Request
INFO - 2016-06-04 01:52:32 --> Fuel\Core\Request::__construct - Creating a new main Request with URI = "retail"
INFO - 2016-06-04 01:52:41 --> Fuel\Core\Request::__construct - Creating a new main Request with URI = "retail"
INFO - 2016-06-04 01:52:42 --> Fuel\Core\Request::__construct - Creating a new main Request with URI = "retail"
INFO - 2016-06-04 01:52:42 --> Fuel\Core\Request::__construct - Creating a new main Request with URI = "retail"
INFO - 2016-06-04 01:52:42 --> Fuel\Core\Request::__construct - Creating a new main Request with URI = "retail"
INFO - 2016-06-04 01:52:43 --> Fuel\Core\Request::__construct - Creating a new main Request with URI = "retail"
INFO - 2016-06-04 01:52:43 --> Fuel\Core\Request::__construct - Creating a new main Request with URI = "retail"
INFO - 2016-06-04 01:53:28 --> Fuel\Core\Request::__construct - Creating a new main Request with URI = "retail"
INFO - 2016-06-04 01:53:28 --> Fuel\Core\Request::execute - Called
INFO - 2016-06-04 01:53:28 --> Fuel\Core\Request::execute - Setting main Request
INFO - 2016-06-04 01:53:29 --> Fuel\Core\Request::__construct - Creating a new main Request with URI = "modal/area"
INFO - 2016-06-04 01:53:29 --> Fuel\Core\Request::execute - Called
INFO - 2016-06-04 01:53:29 --> Fuel\Core\Request::execute - Setting main Request
INFO - 2016-06-04 01:54:07 --> Fuel\Core\Request::__construct - Creating a new main Request with URI = "retail"
INFO - 2016-06-04 01:54:07 --> Fuel\Core\Request::execute - Called
INFO - 2016-06-04 01:54:07 --> Fuel\Core\Request::execute - Setting main Request
INFO - 2016-06-04 01:54:08 --> Fuel\Core\Request::__construct - Creating a new main Request with URI = "modal/area"
INFO - 2016-06-04 01:54:08 --> Fuel\Core\Request::execute - Called
INFO - 2016-06-04 01:54:08 --> Fuel\Core\Request::execute - Setting main Request
INFO - 2016-06-04 01:54:08 --> Fuel\Core\Request::__construct - Creating a new main Request with URI = "retail/test"
INFO - 2016-06-04 01:54:08 --> Fuel\Core\Request::execute - Called
INFO - 2016-06-04 01:54:08 --> Fuel\Core\Request::execute - Setting main Request
INFO - 2016-06-04 01:54:31 --> Fuel\Core\Request::__construct - Creating a new main Request with URI = "retail"
INFO - 2016-06-04 01:54:31 --> Fuel\Core\Request::execute - Called
INFO - 2016-06-04 01:54:31 --> Fuel\Core\Request::execute - Setting main Request
INFO - 2016-06-04 01:54:33 --> Fuel\Core\Request::__construct - Creating a new main Request with URI = "modal/area"
INFO - 2016-06-04 01:54:33 --> Fuel\Core\Request::execute - Called
INFO - 2016-06-04 01:54:33 --> Fuel\Core\Request::execute - Setting main Request
INFO - 2016-06-04 01:54:33 --> Fuel\Core\Request::__construct - Creating a new main Request with URI = "retail/test"
INFO - 2016-06-04 01:54:33 --> Fuel\Core\Request::execute - Called
INFO - 2016-06-04 01:54:33 --> Fuel\Core\Request::execute - Setting main Request
INFO - 2016-06-04 01:54:44 --> Fuel\Core\Request::__construct - Creating a new main Request with URI = "retail"
INFO - 2016-06-04 01:54:44 --> Fuel\Core\Request::execute - Called
INFO - 2016-06-04 01:54:44 --> Fuel\Core\Request::execute - Setting main Request
INFO - 2016-06-04 01:54:46 --> Fuel\Core\Request::__construct - Creating a new main Request with URI = "modal/area"
INFO - 2016-06-04 01:54:46 --> Fuel\Core\Request::execute - Called
INFO - 2016-06-04 01:54:46 --> Fuel\Core\Request::execute - Setting main Request
INFO - 2016-06-04 01:54:46 --> Fuel\Core\Request::__construct - Creating a new main Request with URI = "retail/test"
INFO - 2016-06-04 01:54:46 --> Fuel\Core\Request::execute - Called
INFO - 2016-06-04 01:54:46 --> Fuel\Core\Request::execute - Setting main Request
INFO - 2016-06-04 01:55:03 --> Fuel\Core\Request::__construct - Creating a new main Request with URI = "retail"
INFO - 2016-06-04 01:55:03 --> Fuel\Core\Request::execute - Called
INFO - 2016-06-04 01:55:03 --> Fuel\Core\Request::execute - Setting main Request
INFO - 2016-06-04 01:55:04 --> Fuel\Core\Request::__construct - Creating a new main Request with URI = "modal/area"
INFO - 2016-06-04 01:55:04 --> Fuel\Core\Request::execute - Called
INFO - 2016-06-04 01:55:04 --> Fuel\Core\Request::execute - Setting main Request
INFO - 2016-06-04 01:55:04 --> Fuel\Core\Request::__construct - Creating a new main Request with URI = "retail/test"
INFO - 2016-06-04 01:55:04 --> Fuel\Core\Request::execute - Called
INFO - 2016-06-04 01:55:04 --> Fuel\Core\Request::execute - Setting main Request
INFO - 2016-06-04 01:56:25 --> Fuel\Core\Request::__construct - Creating a new main Request with URI = "retail"
INFO - 2016-06-04 01:56:41 --> Fuel\Core\Request::__construct - Creating a new main Request with URI = "retail"
INFO - 2016-06-04 01:56:42 --> Fuel\Core\Request::__construct - Creating a new main Request with URI = "retail"
INFO - 2016-06-04 01:56:42 --> Fuel\Core\Request::__construct - Creating a new main Request with URI = "retail"
INFO - 2016-06-04 01:56:42 --> Fuel\Core\Request::__construct - Creating a new main Request with URI = "retail"
INFO - 2016-06-04 01:56:42 --> Fuel\Core\Request::__construct - Creating a new main Request with URI = "retail"
INFO - 2016-06-04 01:56:43 --> Fuel\Core\Request::__construct - Creating a new main Request with URI = "retail"
INFO - 2016-06-04 01:57:19 --> Fuel\Core\Request::__construct - Creating a new main Request with URI = "retail"
INFO - 2016-06-04 01:57:20 --> Fuel\Core\Request::__construct - Creating a new main Request with URI = "retail"
INFO - 2016-06-04 01:57:20 --> Fuel\Core\Request::__construct - Creating a new main Request with URI = "retail"
INFO - 2016-06-04 01:57:20 --> Fuel\Core\Request::__construct - Creating a new main Request with URI = "retail"
INFO - 2016-06-04 01:57:48 --> Fuel\Core\Request::__construct - Creating a new main Request with URI = "retail"
INFO - 2016-06-04 01:57:48 --> Fuel\Core\Request::__construct - Creating a new main Request with URI = "retail"
INFO - 2016-06-04 01:57:59 --> Fuel\Core\Request::__construct - Creating a new main Request with URI = "retail"
INFO - 2016-06-04 01:57:59 --> Fuel\Core\Request::__construct - Creating a new main Request with URI = "retail"
INFO - 2016-06-04 01:57:59 --> Fuel\Core\Request::__construct - Creating a new main Request with URI = "retail"
INFO - 2016-06-04 01:58:22 --> Fuel\Core\Request::__construct - Creating a new main Request with URI = "retail"
INFO - 2016-06-04 01:58:22 --> Fuel\Core\Request::execute - Called
INFO - 2016-06-04 01:58:22 --> Fuel\Core\Request::execute - Setting main Request
INFO - 2016-06-04 01:58:23 --> Fuel\Core\Request::__construct - Creating a new main Request with URI = "modal/area"
INFO - 2016-06-04 01:58:23 --> Fuel\Core\Request::execute - Called
INFO - 2016-06-04 01:58:23 --> Fuel\Core\Request::execute - Setting main Request
INFO - 2016-06-04 01:58:24 --> Fuel\Core\Request::__construct - Creating a new main Request with URI = "retail/test"
INFO - 2016-06-04 01:58:24 --> Fuel\Core\Request::execute - Called
INFO - 2016-06-04 01:58:24 --> Fuel\Core\Request::execute - Setting main Request
INFO - 2016-06-04 01:59:09 --> Fuel\Core\Request::__construct - Creating a new main Request with URI = "retail"
INFO - 2016-06-04 01:59:09 --> Fuel\Core\Request::execute - Called
INFO - 2016-06-04 01:59:09 --> Fuel\Core\Request::execute - Setting main Request
INFO - 2016-06-04 01:59:10 --> Fuel\Core\Request::__construct - Creating a new main Request with URI = "modal/area"
INFO - 2016-06-04 01:59:10 --> Fuel\Core\Request::execute - Called
INFO - 2016-06-04 01:59:10 --> Fuel\Core\Request::execute - Setting main Request
INFO - 2016-06-04 01:59:10 --> Fuel\Core\Request::__construct - Creating a new main Request with URI = "retail/test"
INFO - 2016-06-04 01:59:10 --> Fuel\Core\Request::execute - Called
INFO - 2016-06-04 01:59:10 --> Fuel\Core\Request::execute - Setting main Request
INFO - 2016-06-04 01:59:49 --> Fuel\Core\Request::__construct - Creating a new main Request with URI = "retail"
INFO - 2016-06-04 01:59:49 --> Fuel\Core\Request::execute - Called
INFO - 2016-06-04 01:59:49 --> Fuel\Core\Request::execute - Setting main Request
INFO - 2016-06-04 01:59:50 --> Fuel\Core\Request::__construct - Creating a new main Request with URI = "modal/area"
INFO - 2016-06-04 01:59:50 --> Fuel\Core\Request::execute - Called
INFO - 2016-06-04 01:59:50 --> Fuel\Core\Request::execute - Setting main Request
INFO - 2016-06-04 01:59:50 --> Fuel\Core\Request::__construct - Creating a new main Request with URI = "retail/test"
INFO - 2016-06-04 01:59:50 --> Fuel\Core\Request::execute - Called
INFO - 2016-06-04 01:59:50 --> Fuel\Core\Request::execute - Setting main Request
INFO - 2016-06-04 02:00:00 --> Fuel\Core\Request::__construct - Creating a new main Request with URI = "retail"
INFO - 2016-06-04 02:00:00 --> Fuel\Core\Request::execute - Called
INFO - 2016-06-04 02:00:00 --> Fuel\Core\Request::execute - Setting main Request
INFO - 2016-06-04 02:00:01 --> Fuel\Core\Request::__construct - Creating a new main Request with URI = "retail"
INFO - 2016-06-04 02:00:01 --> Fuel\Core\Request::execute - Called
INFO - 2016-06-04 02:00:01 --> Fuel\Core\Request::execute - Setting main Request
INFO - 2016-06-04 02:00:01 --> Fuel\Core\Request::__construct - Creating a new main Request with URI = "modal/area"
INFO - 2016-06-04 02:00:01 --> Fuel\Core\Request::execute - Called
INFO - 2016-06-04 02:00:01 --> Fuel\Core\Request::execute - Setting main Request
INFO - 2016-06-04 02:00:02 --> Fuel\Core\Request::__construct - Creating a new main Request with URI = "retail/test"
INFO - 2016-06-04 02:00:02 --> Fuel\Core\Request::execute - Called
INFO - 2016-06-04 02:00:02 --> Fuel\Core\Request::execute - Setting main Request
INFO - 2016-06-04 02:00:08 --> Fuel\Core\Request::__construct - Creating a new main Request with URI = "retail"
INFO - 2016-06-04 02:00:08 --> Fuel\Core\Request::execute - Called
INFO - 2016-06-04 02:00:08 --> Fuel\Core\Request::execute - Setting main Request
INFO - 2016-06-04 02:00:10 --> Fuel\Core\Request::__construct - Creating a new main Request with URI = "modal/area"
INFO - 2016-06-04 02:00:10 --> Fuel\Core\Request::execute - Called
INFO - 2016-06-04 02:00:10 --> Fuel\Core\Request::execute - Setting main Request
INFO - 2016-06-04 02:00:10 --> Fuel\Core\Request::__construct - Creating a new main Request with URI = "retail/test"
INFO - 2016-06-04 02:00:10 --> Fuel\Core\Request::execute - Called
INFO - 2016-06-04 02:00:10 --> Fuel\Core\Request::execute - Setting main Request
INFO - 2016-06-04 02:00:44 --> Fuel\Core\Request::__construct - Creating a new main Request with URI = "retail"
INFO - 2016-06-04 02:00:44 --> Fuel\Core\Request::execute - Called
INFO - 2016-06-04 02:00:44 --> Fuel\Core\Request::execute - Setting main Request
INFO - 2016-06-04 02:00:45 --> Fuel\Core\Request::__construct - Creating a new main Request with URI = "modal/area"
INFO - 2016-06-04 02:00:45 --> Fuel\Core\Request::execute - Called
INFO - 2016-06-04 02:00:45 --> Fuel\Core\Request::execute - Setting main Request
INFO - 2016-06-04 02:00:45 --> Fuel\Core\Request::__construct - Creating a new main Request with URI = "retail/test"
INFO - 2016-06-04 02:00:45 --> Fuel\Core\Request::execute - Called
INFO - 2016-06-04 02:00:45 --> Fuel\Core\Request::execute - Setting main Request
INFO - 2016-06-04 02:00:52 --> Fuel\Core\Request::__construct - Creating a new main Request with URI = "retail"
INFO - 2016-06-04 02:00:52 --> Fuel\Core\Request::execute - Called
INFO - 2016-06-04 02:00:52 --> Fuel\Core\Request::execute - Setting main Request
INFO - 2016-06-04 02:00:53 --> Fuel\Core\Request::__construct - Creating a new main Request with URI = "modal/area"
INFO - 2016-06-04 02:00:53 --> Fuel\Core\Request::execute - Called
INFO - 2016-06-04 02:00:53 --> Fuel\Core\Request::execute - Setting main Request
INFO - 2016-06-04 02:00:53 --> Fuel\Core\Request::__construct - Creating a new main Request with URI = "retail/test"
INFO - 2016-06-04 02:00:53 --> Fuel\Core\Request::execute - Called
INFO - 2016-06-04 02:00:53 --> Fuel\Core\Request::execute - Setting main Request
INFO - 2016-06-04 02:01:04 --> Fuel\Core\Request::__construct - Creating a new main Request with URI = "retail"
INFO - 2016-06-04 02:01:04 --> Fuel\Core\Request::execute - Called
INFO - 2016-06-04 02:01:04 --> Fuel\Core\Request::execute - Setting main Request
INFO - 2016-06-04 02:01:05 --> Fuel\Core\Request::__construct - Creating a new main Request with URI = "modal/area"
INFO - 2016-06-04 02:01:05 --> Fuel\Core\Request::execute - Called
INFO - 2016-06-04 02:01:05 --> Fuel\Core\Request::execute - Setting main Request
INFO - 2016-06-04 02:01:06 --> Fuel\Core\Request::__construct - Creating a new main Request with URI = "retail/test"
INFO - 2016-06-04 02:01:06 --> Fuel\Core\Request::execute - Called
INFO - 2016-06-04 02:01:06 --> Fuel\Core\Request::execute - Setting main Request
INFO - 2016-06-04 01:59:38 --> Fuel\Core\Request::__construct - Creating a new main Request with URI = "retail"
INFO - 2016-06-04 01:59:38 --> Fuel\Core\Request::execute - Called
INFO - 2016-06-04 01:59:38 --> Fuel\Core\Request::execute - Setting main Request
INFO - 2016-06-04 01:59:39 --> Fuel\Core\Request::__construct - Creating a new main Request with URI = "modal/area"
INFO - 2016-06-04 01:59:39 --> Fuel\Core\Request::execute - Called
INFO - 2016-06-04 01:59:39 --> Fuel\Core\Request::execute - Setting main Request
INFO - 2016-06-04 01:59:39 --> Fuel\Core\Request::__construct - Creating a new main Request with URI = "retail/test"
INFO - 2016-06-04 01:59:39 --> Fuel\Core\Request::execute - Called
INFO - 2016-06-04 01:59:39 --> Fuel\Core\Request::execute - Setting main Request
INFO - 2016-06-04 01:59:45 --> Fuel\Core\Request::__construct - Creating a new main Request with URI = "retail"
INFO - 2016-06-04 01:59:45 --> Fuel\Core\Request::execute - Called
INFO - 2016-06-04 01:59:45 --> Fuel\Core\Request::execute - Setting main Request
INFO - 2016-06-04 01:59:46 --> Fuel\Core\Request::__construct - Creating a new main Request with URI = "modal/area"
INFO - 2016-06-04 01:59:46 --> Fuel\Core\Request::execute - Called
INFO - 2016-06-04 01:59:46 --> Fuel\Core\Request::execute - Setting main Request
INFO - 2016-06-04 01:59:46 --> Fuel\Core\Request::__construct - Creating a new main Request with URI = "retail/test"
INFO - 2016-06-04 01:59:46 --> Fuel\Core\Request::execute - Called
INFO - 2016-06-04 01:59:46 --> Fuel\Core\Request::execute - Setting main Request
INFO - 2016-06-04 02:00:19 --> Fuel\Core\Request::__construct - Creating a new main Request with URI = "retail"
INFO - 2016-06-04 02:00:19 --> Fuel\Core\Request::execute - Called
INFO - 2016-06-04 02:00:19 --> Fuel\Core\Request::execute - Setting main Request
INFO - 2016-06-04 02:00:27 --> Fuel\Core\Request::__construct - Creating a new main Request with URI = "retail"
INFO - 2016-06-04 02:00:27 --> Fuel\Core\Request::execute - Called
INFO - 2016-06-04 02:00:27 --> Fuel\Core\Request::execute - Setting main Request
INFO - 2016-06-04 02:00:29 --> Fuel\Core\Request::__construct - Creating a new main Request with URI = "modal/area"
INFO - 2016-06-04 02:00:29 --> Fuel\Core\Request::execute - Called
INFO - 2016-06-04 02:00:29 --> Fuel\Core\Request::execute - Setting main Request
INFO - 2016-06-04 02:00:29 --> Fuel\Core\Request::__construct - Creating a new main Request with URI = "retail/test"
INFO - 2016-06-04 02:00:29 --> Fuel\Core\Request::execute - Called
INFO - 2016-06-04 02:00:29 --> Fuel\Core\Request::execute - Setting main Request
INFO - 2016-06-04 02:00:38 --> Fuel\Core\Request::__construct - Creating a new main Request with URI = "retail"
INFO - 2016-06-04 02:00:38 --> Fuel\Core\Request::execute - Called
INFO - 2016-06-04 02:00:38 --> Fuel\Core\Request::execute - Setting main Request
INFO - 2016-06-04 02:00:39 --> Fuel\Core\Request::__construct - Creating a new main Request with URI = "modal/area"
INFO - 2016-06-04 02:00:39 --> Fuel\Core\Request::execute - Called
INFO - 2016-06-04 02:00:39 --> Fuel\Core\Request::execute - Setting main Request
INFO - 2016-06-04 02:00:39 --> Fuel\Core\Request::__construct - Creating a new main Request with URI = "retail/test"
INFO - 2016-06-04 02:00:39 --> Fuel\Core\Request::execute - Called
INFO - 2016-06-04 02:00:39 --> Fuel\Core\Request::execute - Setting main Request
INFO - 2016-06-04 02:00:48 --> Fuel\Core\Request::__construct - Creating a new main Request with URI = "retail"
INFO - 2016-06-04 02:00:48 --> Fuel\Core\Request::execute - Called
INFO - 2016-06-04 02:00:48 --> Fuel\Core\Request::execute - Setting main Request
INFO - 2016-06-04 02:00:49 --> Fuel\Core\Request::__construct - Creating a new main Request with URI = "modal/area"
INFO - 2016-06-04 02:00:49 --> Fuel\Core\Request::execute - Called
INFO - 2016-06-04 02:00:49 --> Fuel\Core\Request::execute - Setting main Request
INFO - 2016-06-04 02:00:50 --> Fuel\Core\Request::__construct - Creating a new main Request with URI = "retail/test"
INFO - 2016-06-04 02:00:50 --> Fuel\Core\Request::execute - Called
INFO - 2016-06-04 02:00:50 --> Fuel\Core\Request::execute - Setting main Request
INFO - 2016-06-04 02:01:05 --> Fuel\Core\Request::__construct - Creating a new main Request with URI = "retail"
INFO - 2016-06-04 02:01:05 --> Fuel\Core\Request::execute - Called
INFO - 2016-06-04 02:01:05 --> Fuel\Core\Request::execute - Setting main Request
INFO - 2016-06-04 02:01:06 --> Fuel\Core\Request::__construct - Creating a new main Request with URI = "modal/area"
INFO - 2016-06-04 02:01:06 --> Fuel\Core\Request::execute - Called
INFO - 2016-06-04 02:01:06 --> Fuel\Core\Request::execute - Setting main Request
INFO - 2016-06-04 02:01:07 --> Fuel\Core\Request::__construct - Creating a new main Request with URI = "retail/test"
INFO - 2016-06-04 02:01:07 --> Fuel\Core\Request::execute - Called
INFO - 2016-06-04 02:01:07 --> Fuel\Core\Request::execute - Setting main Request
INFO - 2016-06-04 02:01:21 --> Fuel\Core\Request::__construct - Creating a new main Request with URI = "retail"
INFO - 2016-06-04 02:01:21 --> Fuel\Core\Request::execute - Called
INFO - 2016-06-04 02:01:21 --> Fuel\Core\Request::execute - Setting main Request
INFO - 2016-06-04 02:01:22 --> Fuel\Core\Request::__construct - Creating a new main Request with URI = "modal/area"
INFO - 2016-06-04 02:01:22 --> Fuel\Core\Request::execute - Called
INFO - 2016-06-04 02:01:22 --> Fuel\Core\Request::execute - Setting main Request
INFO - 2016-06-04 02:01:22 --> Fuel\Core\Request::__construct - Creating a new main Request with URI = "retail/test"
INFO - 2016-06-04 02:01:22 --> Fuel\Core\Request::execute - Called
INFO - 2016-06-04 02:01:22 --> Fuel\Core\Request::execute - Setting main Request
INFO - 2016-06-04 02:01:43 --> Fuel\Core\Request::__construct - Creating a new main Request with URI = "retail"
INFO - 2016-06-04 02:01:43 --> Fuel\Core\Request::execute - Called
INFO - 2016-06-04 02:01:43 --> Fuel\Core\Request::execute - Setting main Request
INFO - 2016-06-04 02:01:44 --> Fuel\Core\Request::__construct - Creating a new main Request with URI = "modal/area"
INFO - 2016-06-04 02:01:44 --> Fuel\Core\Request::execute - Called
INFO - 2016-06-04 02:01:44 --> Fuel\Core\Request::execute - Setting main Request
INFO - 2016-06-04 02:01:44 --> Fuel\Core\Request::__construct - Creating a new main Request with URI = "retail/test"
INFO - 2016-06-04 02:01:44 --> Fuel\Core\Request::execute - Called
INFO - 2016-06-04 02:01:44 --> Fuel\Core\Request::execute - Setting main Request
INFO - 2016-06-04 02:02:15 --> Fuel\Core\Request::__construct - Creating a new main Request with URI = "retail"
INFO - 2016-06-04 02:02:15 --> Fuel\Core\Request::execute - Called
INFO - 2016-06-04 02:02:15 --> Fuel\Core\Request::execute - Setting main Request
INFO - 2016-06-04 02:02:16 --> Fuel\Core\Request::__construct - Creating a new main Request with URI = "modal/area"
INFO - 2016-06-04 02:02:16 --> Fuel\Core\Request::execute - Called
INFO - 2016-06-04 02:02:16 --> Fuel\Core\Request::execute - Setting main Request
INFO - 2016-06-04 02:02:16 --> Fuel\Core\Request::__construct - Creating a new main Request with URI = "retail/test"
INFO - 2016-06-04 02:02:16 --> Fuel\Core\Request::execute - Called
INFO - 2016-06-04 02:02:16 --> Fuel\Core\Request::execute - Setting main Request
INFO - 2016-06-04 02:02:23 --> Fuel\Core\Request::__construct - Creating a new main Request with URI = "retail"
INFO - 2016-06-04 02:02:23 --> Fuel\Core\Request::execute - Called
INFO - 2016-06-04 02:02:23 --> Fuel\Core\Request::execute - Setting main Request
INFO - 2016-06-04 02:02:23 --> Fuel\Core\Request::__construct - Creating a new main Request with URI = "modal/area"
INFO - 2016-06-04 02:02:23 --> Fuel\Core\Request::execute - Called
INFO - 2016-06-04 02:02:23 --> Fuel\Core\Request::execute - Setting main Request
INFO - 2016-06-04 02:02:24 --> Fuel\Core\Request::__construct - Creating a new main Request with URI = "retail/test"
INFO - 2016-06-04 02:02:24 --> Fuel\Core\Request::execute - Called
INFO - 2016-06-04 02:02:24 --> Fuel\Core\Request::execute - Setting main Request
INFO - 2016-06-04 02:02:35 --> Fuel\Core\Request::__construct - Creating a new main Request with URI = "retail"
INFO - 2016-06-04 02:02:35 --> Fuel\Core\Request::execute - Called
INFO - 2016-06-04 02:02:35 --> Fuel\Core\Request::execute - Setting main Request
INFO - 2016-06-04 02:02:36 --> Fuel\Core\Request::__construct - Creating a new main Request with URI = "modal/area"
INFO - 2016-06-04 02:02:36 --> Fuel\Core\Request::execute - Called
INFO - 2016-06-04 02:02:36 --> Fuel\Core\Request::execute - Setting main Request
INFO - 2016-06-04 02:02:36 --> Fuel\Core\Request::__construct - Creating a new main Request with URI = "retail/test"
INFO - 2016-06-04 02:02:36 --> Fuel\Core\Request::execute - Called
INFO - 2016-06-04 02:02:36 --> Fuel\Core\Request::execute - Setting main Request
INFO - 2016-06-04 02:02:47 --> Fuel\Core\Request::__construct - Creating a new main Request with URI = "retail"
INFO - 2016-06-04 02:02:47 --> Fuel\Core\Request::execute - Called
INFO - 2016-06-04 02:02:47 --> Fuel\Core\Request::execute - Setting main Request
INFO - 2016-06-04 02:02:49 --> Fuel\Core\Request::__construct - Creating a new main Request with URI = "modal/area"
INFO - 2016-06-04 02:02:49 --> Fuel\Core\Request::execute - Called
INFO - 2016-06-04 02:02:49 --> Fuel\Core\Request::execute - Setting main Request
INFO - 2016-06-04 02:02:49 --> Fuel\Core\Request::__construct - Creating a new main Request with URI = "retail/test"
INFO - 2016-06-04 02:02:49 --> Fuel\Core\Request::execute - Called
INFO - 2016-06-04 02:02:49 --> Fuel\Core\Request::execute - Setting main Request
INFO - 2016-06-04 02:03:55 --> Fuel\Core\Request::__construct - Creating a new main Request with URI = "retail"
INFO - 2016-06-04 02:03:55 --> Fuel\Core\Request::execute - Called
INFO - 2016-06-04 02:03:55 --> Fuel\Core\Request::execute - Setting main Request
INFO - 2016-06-04 02:03:56 --> Fuel\Core\Request::__construct - Creating a new main Request with URI = "modal/area"
INFO - 2016-06-04 02:03:56 --> Fuel\Core\Request::execute - Called
INFO - 2016-06-04 02:03:56 --> Fuel\Core\Request::execute - Setting main Request
INFO - 2016-06-04 02:03:56 --> Fuel\Core\Request::__construct - Creating a new main Request with URI = "retail/test"
INFO - 2016-06-04 02:03:56 --> Fuel\Core\Request::execute - Called
INFO - 2016-06-04 02:03:56 --> Fuel\Core\Request::execute - Setting main Request
INFO - 2016-06-04 02:04:01 --> Fuel\Core\Request::__construct - Creating a new main Request with URI = "retail"
INFO - 2016-06-04 02:04:01 --> Fuel\Core\Request::execute - Called
INFO - 2016-06-04 02:04:01 --> Fuel\Core\Request::execute - Setting main Request
INFO - 2016-06-04 02:04:03 --> Fuel\Core\Request::__construct - Creating a new main Request with URI = "modal/area"
INFO - 2016-06-04 02:04:03 --> Fuel\Core\Request::execute - Called
INFO - 2016-06-04 02:04:03 --> Fuel\Core\Request::execute - Setting main Request
INFO - 2016-06-04 02:04:03 --> Fuel\Core\Request::__construct - Creating a new main Request with URI = "retail/test"
INFO - 2016-06-04 02:04:03 --> Fuel\Core\Request::execute - Called
INFO - 2016-06-04 02:04:03 --> Fuel\Core\Request::execute - Setting main Request
INFO - 2016-06-04 02:05:08 --> Fuel\Core\Request::__construct - Creating a new main Request with URI = "retail"
INFO - 2016-06-04 02:05:09 --> Fuel\Core\Request::__construct - Creating a new main Request with URI = "retail"
INFO - 2016-06-04 02:05:18 --> Fuel\Core\Request::__construct - Creating a new main Request with URI = "retail"
INFO - 2016-06-04 02:05:18 --> Fuel\Core\Request::execute - Called
INFO - 2016-06-04 02:05:18 --> Fuel\Core\Request::execute - Setting main Request
INFO - 2016-06-04 02:05:20 --> Fuel\Core\Request::__construct - Creating a new main Request with URI = "modal/area"
INFO - 2016-06-04 02:05:20 --> Fuel\Core\Request::execute - Called
INFO - 2016-06-04 02:05:20 --> Fuel\Core\Request::execute - Setting main Request
INFO - 2016-06-04 02:05:20 --> Fuel\Core\Request::__construct - Creating a new main Request with URI = "retail/test"
INFO - 2016-06-04 02:05:20 --> Fuel\Core\Request::execute - Called
INFO - 2016-06-04 02:05:20 --> Fuel\Core\Request::execute - Setting main Request
INFO - 2016-06-04 02:05:38 --> Fuel\Core\Request::__construct - Creating a new main Request with URI = "retail"
INFO - 2016-06-04 02:05:39 --> Fuel\Core\Request::__construct - Creating a new main Request with URI = "retail"
INFO - 2016-06-04 02:05:39 --> Fuel\Core\Request::__construct - Creating a new main Request with URI = "retail"
INFO - 2016-06-04 02:05:40 --> Fuel\Core\Request::__construct - Creating a new main Request with URI = "retail"
INFO - 2016-06-04 02:05:40 --> Fuel\Core\Request::__construct - Creating a new main Request with URI = "retail"
INFO - 2016-06-04 02:05:40 --> Fuel\Core\Request::__construct - Creating a new main Request with URI = "retail"
INFO - 2016-06-04 02:05:41 --> Fuel\Core\Request::__construct - Creating a new main Request with URI = "retail"
INFO - 2016-06-04 02:05:41 --> Fuel\Core\Request::__construct - Creating a new main Request with URI = "retail"
INFO - 2016-06-04 02:05:41 --> Fuel\Core\Request::__construct - Creating a new main Request with URI = "retail"
INFO - 2016-06-04 02:06:14 --> Fuel\Core\Request::__construct - Creating a new main Request with URI = "retail"
INFO - 2016-06-04 02:06:14 --> Fuel\Core\Request::execute - Called
INFO - 2016-06-04 02:06:14 --> Fuel\Core\Request::execute - Setting main Request
INFO - 2016-06-04 02:06:15 --> Fuel\Core\Request::__construct - Creating a new main Request with URI = "modal/area"
INFO - 2016-06-04 02:06:15 --> Fuel\Core\Request::execute - Called
INFO - 2016-06-04 02:06:15 --> Fuel\Core\Request::execute - Setting main Request
INFO - 2016-06-04 02:06:15 --> Fuel\Core\Request::__construct - Creating a new main Request with URI = "retail/test"
INFO - 2016-06-04 02:06:15 --> Fuel\Core\Request::execute - Called
INFO - 2016-06-04 02:06:15 --> Fuel\Core\Request::execute - Setting main Request
INFO - 2016-06-04 02:06:21 --> Fuel\Core\Request::__construct - Creating a new main Request with URI = "modal/area"
INFO - 2016-06-04 02:06:21 --> Fuel\Core\Request::execute - Called
INFO - 2016-06-04 02:06:21 --> Fuel\Core\Request::execute - Setting main Request
INFO - 2016-06-04 02:06:21 --> Fuel\Core\Request::__construct - Creating a new main Request with URI = "retail/test"
INFO - 2016-06-04 02:06:21 --> Fuel\Core\Request::execute - Called
INFO - 2016-06-04 02:06:21 --> Fuel\Core\Request::execute - Setting main Request
INFO - 2016-06-04 02:06:25 --> Fuel\Core\Request::__construct - Creating a new main Request with URI = "retail"
INFO - 2016-06-04 02:06:25 --> Fuel\Core\Request::execute - Called
INFO - 2016-06-04 02:06:25 --> Fuel\Core\Request::execute - Setting main Request
INFO - 2016-06-04 02:06:27 --> Fuel\Core\Request::__construct - Creating a new main Request with URI = "modal/area"
INFO - 2016-06-04 02:06:27 --> Fuel\Core\Request::execute - Called
INFO - 2016-06-04 02:06:27 --> Fuel\Core\Request::execute - Setting main Request
INFO - 2016-06-04 02:06:27 --> Fuel\Core\Request::__construct - Creating a new main Request with URI = "retail/test"
INFO - 2016-06-04 02:06:27 --> Fuel\Core\Request::execute - Called
INFO - 2016-06-04 02:06:27 --> Fuel\Core\Request::execute - Setting main Request
INFO - 2016-06-04 02:06:39 --> Fuel\Core\Request::__construct - Creating a new main Request with URI = "retail"
INFO - 2016-06-04 02:06:39 --> Fuel\Core\Request::execute - Called
INFO - 2016-06-04 02:06:39 --> Fuel\Core\Request::execute - Setting main Request
INFO - 2016-06-04 02:06:41 --> Fuel\Core\Request::__construct - Creating a new main Request with URI = "modal/area"
INFO - 2016-06-04 02:06:41 --> Fuel\Core\Request::execute - Called
INFO - 2016-06-04 02:06:41 --> Fuel\Core\Request::execute - Setting main Request
INFO - 2016-06-04 02:06:42 --> Fuel\Core\Request::__construct - Creating a new main Request with URI = "retail/test"
INFO - 2016-06-04 02:06:42 --> Fuel\Core\Request::execute - Called
INFO - 2016-06-04 02:06:42 --> Fuel\Core\Request::execute - Setting main Request
INFO - 2016-06-04 02:07:13 --> Fuel\Core\Request::__construct - Creating a new main Request with URI = "retail"
INFO - 2016-06-04 02:07:13 --> Fuel\Core\Request::execute - Called
INFO - 2016-06-04 02:07:13 --> Fuel\Core\Request::execute - Setting main Request
INFO - 2016-06-04 02:07:15 --> Fuel\Core\Request::__construct - Creating a new main Request with URI = "modal/area"
INFO - 2016-06-04 02:07:15 --> Fuel\Core\Request::execute - Called
INFO - 2016-06-04 02:07:15 --> Fuel\Core\Request::execute - Setting main Request
INFO - 2016-06-04 02:07:15 --> Fuel\Core\Request::__construct - Creating a new main Request with URI = "retail/test"
INFO - 2016-06-04 02:07:15 --> Fuel\Core\Request::execute - Called
INFO - 2016-06-04 02:07:15 --> Fuel\Core\Request::execute - Setting main Request
INFO - 2016-06-04 02:12:38 --> Fuel\Core\Request::__construct - Creating a new main Request with URI = "retail"
INFO - 2016-06-04 02:12:38 --> Fuel\Core\Request::execute - Called
INFO - 2016-06-04 02:12:38 --> Fuel\Core\Request::execute - Setting main Request
INFO - 2016-06-04 02:12:44 --> Fuel\Core\Request::__construct - Creating a new main Request with URI = "modal/area"
INFO - 2016-06-04 02:12:44 --> Fuel\Core\Request::execute - Called
INFO - 2016-06-04 02:12:44 --> Fuel\Core\Request::execute - Setting main Request
INFO - 2016-06-04 02:12:44 --> Fuel\Core\Request::__construct - Creating a new main Request with URI = "retail/test"
INFO - 2016-06-04 02:12:44 --> Fuel\Core\Request::execute - Called
INFO - 2016-06-04 02:12:44 --> Fuel\Core\Request::execute - Setting main Request
INFO - 2016-06-04 02:12:51 --> Fuel\Core\Request::__construct - Creating a new main Request with URI = "retail"
INFO - 2016-06-04 02:12:51 --> Fuel\Core\Request::execute - Called
INFO - 2016-06-04 02:12:51 --> Fuel\Core\Request::execute - Setting main Request
INFO - 2016-06-04 02:12:53 --> Fuel\Core\Request::__construct - Creating a new main Request with URI = "modal/area"
INFO - 2016-06-04 02:12:53 --> Fuel\Core\Request::execute - Called
INFO - 2016-06-04 02:12:53 --> Fuel\Core\Request::execute - Setting main Request
INFO - 2016-06-04 02:12:54 --> Fuel\Core\Request::__construct - Creating a new main Request with URI = "retail/test"
INFO - 2016-06-04 02:12:54 --> Fuel\Core\Request::execute - Called
INFO - 2016-06-04 02:12:54 --> Fuel\Core\Request::execute - Setting main Request
INFO - 2016-06-04 02:13:14 --> Fuel\Core\Request::__construct - Creating a new main Request with URI = "retail"
INFO - 2016-06-04 02:13:14 --> Fuel\Core\Request::execute - Called
INFO - 2016-06-04 02:13:14 --> Fuel\Core\Request::execute - Setting main Request
INFO - 2016-06-04 02:13:16 --> Fuel\Core\Request::__construct - Creating a new main Request with URI = "modal/area"
INFO - 2016-06-04 02:13:16 --> Fuel\Core\Request::execute - Called
INFO - 2016-06-04 02:13:16 --> Fuel\Core\Request::execute - Setting main Request
INFO - 2016-06-04 02:13:16 --> Fuel\Core\Request::__construct - Creating a new main Request with URI = "retail/test"
INFO - 2016-06-04 02:13:16 --> Fuel\Core\Request::execute - Called
INFO - 2016-06-04 02:13:16 --> Fuel\Core\Request::execute - Setting main Request
INFO - 2016-06-04 02:13:25 --> Fuel\Core\Request::__construct - Creating a new main Request with URI = "retail"
INFO - 2016-06-04 02:13:25 --> Fuel\Core\Request::execute - Called
INFO - 2016-06-04 02:13:25 --> Fuel\Core\Request::execute - Setting main Request
INFO - 2016-06-04 02:14:23 --> Fuel\Core\Request::__construct - Creating a new main Request with URI = "retail"
INFO - 2016-06-04 02:14:23 --> Fuel\Core\Request::execute - Called
INFO - 2016-06-04 02:14:23 --> Fuel\Core\Request::execute - Setting main Request
ERROR - 2016-06-04 02:14:23 --> Fatal Error - Method Parser\View_Smarty::__toString() must not throw an exception, caught Error: Call to undefined method Error::error_handler() in D:\xampp\htdocs\d-match\fuel\core\classes\response.php on line 0
INFO - 2016-06-04 02:17:23 --> Fuel\Core\Request::__construct - Creating a new main Request with URI = "retail"
INFO - 2016-06-04 02:17:23 --> Fuel\Core\Request::execute - Called
INFO - 2016-06-04 02:17:23 --> Fuel\Core\Request::execute - Setting main Request
INFO - 2016-06-04 02:19:22 --> Fuel\Core\Request::__construct - Creating a new main Request with URI = "retail"
INFO - 2016-06-04 02:19:22 --> Fuel\Core\Request::execute - Called
INFO - 2016-06-04 02:19:22 --> Fuel\Core\Request::execute - Setting main Request
ERROR - 2016-06-04 02:19:22 --> Fatal Error - Method Parser\View_Smarty::__toString() must not throw an exception, caught Error: Call to undefined method Error::error_handler() in D:\xampp\htdocs\d-match\fuel\core\classes\response.php on line 0
INFO - 2016-06-04 02:20:08 --> Fuel\Core\Request::__construct - Creating a new main Request with URI = "retail"
INFO - 2016-06-04 02:20:08 --> Fuel\Core\Request::execute - Called
INFO - 2016-06-04 02:20:08 --> Fuel\Core\Request::execute - Setting main Request
INFO - 2016-06-04 02:20:17 --> Fuel\Core\Request::__construct - Creating a new main Request with URI = "retail"
INFO - 2016-06-04 02:20:17 --> Fuel\Core\Request::execute - Called
INFO - 2016-06-04 02:20:17 --> Fuel\Core\Request::execute - Setting main Request
INFO - 2016-06-04 02:22:21 --> Fuel\Core\Request::__construct - Creating a new main Request with URI = "retail"
INFO - 2016-06-04 02:22:21 --> Fuel\Core\Request::execute - Called
INFO - 2016-06-04 02:22:21 --> Fuel\Core\Request::execute - Setting main Request
INFO - 2016-06-04 02:22:45 --> Fuel\Core\Request::__construct - Creating a new main Request with URI = "retail"
INFO - 2016-06-04 02:22:45 --> Fuel\Core\Request::execute - Called
INFO - 2016-06-04 02:22:45 --> Fuel\Core\Request::execute - Setting main Request
