<?php defined('COREPATH') or exit('No direct script access allowed'); ?>

INFO - 2016-06-07 17:14:13 --> Fuel\Core\Request::__construct - Creating a new main Request with URI = "retail"
INFO - 2016-06-07 17:14:13 --> Fuel\Core\Request::execute - Called
INFO - 2016-06-07 17:14:13 --> Fuel\Core\Request::execute - Setting main Request
INFO - 2016-06-07 17:14:14 --> Fuel\Core\Request::__construct - Creating a new main Request with URI = "modal/area"
INFO - 2016-06-07 17:14:14 --> Fuel\Core\Request::execute - Called
INFO - 2016-06-07 17:14:14 --> Fuel\Core\Request::execute - Setting main Request
INFO - 2016-06-07 17:14:14 --> Fuel\Core\Request::__construct - Creating a new main Request with URI = "retail/point"
INFO - 2016-06-07 17:14:14 --> Fuel\Core\Request::execute - Called
INFO - 2016-06-07 17:14:14 --> Fuel\Core\Request::execute - Setting main Request
INFO - 2016-06-07 17:16:38 --> Fuel\Core\Request::__construct - Creating a new main Request with URI = "retail"
INFO - 2016-06-07 17:16:38 --> Fuel\Core\Request::execute - Called
INFO - 2016-06-07 17:16:38 --> Fuel\Core\Request::execute - Setting main Request
INFO - 2016-06-07 17:16:40 --> Fuel\Core\Request::__construct - Creating a new main Request with URI = "modal/area"
INFO - 2016-06-07 17:16:40 --> Fuel\Core\Request::execute - Called
INFO - 2016-06-07 17:16:40 --> Fuel\Core\Request::execute - Setting main Request
INFO - 2016-06-07 17:16:40 --> Fuel\Core\Request::__construct - Creating a new main Request with URI = "retail/point"
INFO - 2016-06-07 17:16:40 --> Fuel\Core\Request::execute - Called
INFO - 2016-06-07 17:16:40 --> Fuel\Core\Request::execute - Setting main Request
INFO - 2016-06-07 17:19:56 --> Fuel\Core\Request::__construct - Creating a new main Request with URI = ""
INFO - 2016-06-07 17:19:56 --> Fuel\Core\Request::execute - Called
INFO - 2016-06-07 17:19:56 --> Fuel\Core\Request::execute - Setting main Request
INFO - 2016-06-07 17:19:58 --> Fuel\Core\Request::__construct - Creating a new main Request with URI = "retail"
INFO - 2016-06-07 17:19:58 --> Fuel\Core\Request::execute - Called
INFO - 2016-06-07 17:19:58 --> Fuel\Core\Request::execute - Setting main Request
INFO - 2016-06-07 17:20:00 --> Fuel\Core\Request::__construct - Creating a new main Request with URI = "modal/area"
INFO - 2016-06-07 17:20:00 --> Fuel\Core\Request::execute - Called
INFO - 2016-06-07 17:20:00 --> Fuel\Core\Request::execute - Setting main Request
INFO - 2016-06-07 17:20:00 --> Fuel\Core\Request::__construct - Creating a new main Request with URI = "retail/point"
INFO - 2016-06-07 17:20:00 --> Fuel\Core\Request::execute - Called
INFO - 2016-06-07 17:20:00 --> Fuel\Core\Request::execute - Setting main Request
INFO - 2016-06-07 17:20:12 --> Fuel\Core\Request::__construct - Creating a new main Request with URI = "retail"
INFO - 2016-06-07 17:20:12 --> Fuel\Core\Request::execute - Called
INFO - 2016-06-07 17:20:12 --> Fuel\Core\Request::execute - Setting main Request
INFO - 2016-06-07 17:20:14 --> Fuel\Core\Request::__construct - Creating a new main Request with URI = "modal/area"
INFO - 2016-06-07 17:20:14 --> Fuel\Core\Request::execute - Called
INFO - 2016-06-07 17:20:14 --> Fuel\Core\Request::execute - Setting main Request
INFO - 2016-06-07 17:20:14 --> Fuel\Core\Request::__construct - Creating a new main Request with URI = "retail/point"
INFO - 2016-06-07 17:20:14 --> Fuel\Core\Request::execute - Called
INFO - 2016-06-07 17:20:14 --> Fuel\Core\Request::execute - Setting main Request
INFO - 2016-06-07 17:43:25 --> Fuel\Core\Request::__construct - Creating a new main Request with URI = "retail"
INFO - 2016-06-07 17:43:25 --> Fuel\Core\Request::execute - Called
INFO - 2016-06-07 17:43:25 --> Fuel\Core\Request::execute - Setting main Request
INFO - 2016-06-07 17:43:26 --> Fuel\Core\Request::__construct - Creating a new main Request with URI = "retail"
INFO - 2016-06-07 17:43:26 --> Fuel\Core\Request::execute - Called
INFO - 2016-06-07 17:43:26 --> Fuel\Core\Request::execute - Setting main Request
INFO - 2016-06-07 17:43:27 --> Fuel\Core\Request::__construct - Creating a new main Request with URI = "modal/area"
INFO - 2016-06-07 17:43:27 --> Fuel\Core\Request::execute - Called
INFO - 2016-06-07 17:43:27 --> Fuel\Core\Request::execute - Setting main Request
INFO - 2016-06-07 17:43:27 --> Fuel\Core\Request::__construct - Creating a new main Request with URI = "retail/point"
INFO - 2016-06-07 17:43:27 --> Fuel\Core\Request::execute - Called
INFO - 2016-06-07 17:43:27 --> Fuel\Core\Request::execute - Setting main Request
INFO - 2016-06-07 17:43:49 --> Fuel\Core\Request::__construct - Creating a new main Request with URI = "retail"
INFO - 2016-06-07 17:43:49 --> Fuel\Core\Request::execute - Called
INFO - 2016-06-07 17:43:49 --> Fuel\Core\Request::execute - Setting main Request
INFO - 2016-06-07 17:43:51 --> Fuel\Core\Request::__construct - Creating a new main Request with URI = "modal/area"
INFO - 2016-06-07 17:43:51 --> Fuel\Core\Request::execute - Called
INFO - 2016-06-07 17:43:51 --> Fuel\Core\Request::execute - Setting main Request
INFO - 2016-06-07 17:43:52 --> Fuel\Core\Request::__construct - Creating a new main Request with URI = "retail/point"
INFO - 2016-06-07 17:43:52 --> Fuel\Core\Request::execute - Called
INFO - 2016-06-07 17:43:52 --> Fuel\Core\Request::execute - Setting main Request
INFO - 2016-06-07 18:07:54 --> Fuel\Core\Request::__construct - Creating a new main Request with URI = "retail"
INFO - 2016-06-07 18:07:54 --> Fuel\Core\Request::execute - Called
INFO - 2016-06-07 18:07:54 --> Fuel\Core\Request::execute - Setting main Request
INFO - 2016-06-07 18:07:54 --> Fuel\Core\Request::__construct - Creating a new main Request with URI = "modal/model"
INFO - 2016-06-07 18:07:54 --> Fuel\Core\Request::execute - Called
INFO - 2016-06-07 18:07:54 --> Fuel\Core\Request::execute - Setting main Request
INFO - 2016-06-07 18:07:57 --> Fuel\Core\Request::__construct - Creating a new main Request with URI = "modal/cartype"
INFO - 2016-06-07 18:07:57 --> Fuel\Core\Request::execute - Called
INFO - 2016-06-07 18:07:57 --> Fuel\Core\Request::execute - Setting main Request
INFO - 2016-06-07 18:08:14 --> Fuel\Core\Request::__construct - Creating a new main Request with URI = "retail"
INFO - 2016-06-07 18:08:14 --> Fuel\Core\Request::execute - Called
INFO - 2016-06-07 18:08:14 --> Fuel\Core\Request::execute - Setting main Request
INFO - 2016-06-07 18:08:21 --> Fuel\Core\Request::__construct - Creating a new main Request with URI = "modal/area"
INFO - 2016-06-07 18:08:21 --> Fuel\Core\Request::execute - Called
INFO - 2016-06-07 18:08:21 --> Fuel\Core\Request::execute - Setting main Request
INFO - 2016-06-07 18:08:21 --> Fuel\Core\Request::__construct - Creating a new main Request with URI = "modal/area"
INFO - 2016-06-07 18:08:21 --> Fuel\Core\Request::execute - Called
INFO - 2016-06-07 18:08:21 --> Fuel\Core\Request::execute - Setting main Request
INFO - 2016-06-07 18:08:21 --> Fuel\Core\Request::__construct - Creating a new main Request with URI = "retail/point"
INFO - 2016-06-07 18:08:21 --> Fuel\Core\Request::execute - Called
INFO - 2016-06-07 18:08:21 --> Fuel\Core\Request::execute - Setting main Request
INFO - 2016-06-07 18:08:21 --> Fuel\Core\Request::__construct - Creating a new main Request with URI = "retail/point"
INFO - 2016-06-07 18:08:21 --> Fuel\Core\Request::execute - Called
INFO - 2016-06-07 18:08:21 --> Fuel\Core\Request::execute - Setting main Request
INFO - 2016-06-07 18:08:26 --> Fuel\Core\Request::__construct - Creating a new main Request with URI = "retail"
INFO - 2016-06-07 18:08:26 --> Fuel\Core\Request::execute - Called
INFO - 2016-06-07 18:08:26 --> Fuel\Core\Request::execute - Setting main Request
INFO - 2016-06-07 18:08:30 --> Fuel\Core\Request::__construct - Creating a new main Request with URI = "modal/area"
INFO - 2016-06-07 18:08:30 --> Fuel\Core\Request::execute - Called
INFO - 2016-06-07 18:08:30 --> Fuel\Core\Request::execute - Setting main Request
INFO - 2016-06-07 18:08:30 --> Fuel\Core\Request::__construct - Creating a new main Request with URI = "retail/point"
INFO - 2016-06-07 18:08:30 --> Fuel\Core\Request::execute - Called
INFO - 2016-06-07 18:08:30 --> Fuel\Core\Request::execute - Setting main Request
INFO - 2016-06-07 18:09:46 --> Fuel\Core\Request::__construct - Creating a new main Request with URI = "retail"
INFO - 2016-06-07 18:09:46 --> Fuel\Core\Request::execute - Called
INFO - 2016-06-07 18:09:46 --> Fuel\Core\Request::execute - Setting main Request
INFO - 2016-06-07 18:09:47 --> Fuel\Core\Request::__construct - Creating a new main Request with URI = "modal/area"
INFO - 2016-06-07 18:09:47 --> Fuel\Core\Request::execute - Called
INFO - 2016-06-07 18:09:47 --> Fuel\Core\Request::execute - Setting main Request
INFO - 2016-06-07 18:09:47 --> Fuel\Core\Request::__construct - Creating a new main Request with URI = "retail/point"
INFO - 2016-06-07 18:09:47 --> Fuel\Core\Request::execute - Called
INFO - 2016-06-07 18:09:47 --> Fuel\Core\Request::execute - Setting main Request
